<?xml version="1.0" encoding="UTF-8"?>
<testsuite name="ParametrizedTest" tests="2" skipped="0" failures="2" errors="0" timestamp="2023-04-07T12:57:08" hostname="DESKTOP-R5UARTU" time="23.466">
  <properties/>
  <testcase name="Р’ РїРѕРёСЃРєРѕРІРѕР№ РІС‹РґР°С‡Рµ РїРѕ Р·Р°РїСЂРѕСЃСѓ i7 РґРѕР»Р¶РµРЅС‹ РѕС‚РѕР±СЂР°Р¶Р°С‚СЊСЃСЏ СЂРµР·СѓР»СЊС‚Р°С‚С‹ СЃРѕРґРµСЂР¶Р°С‰РёРµ РџСЂРѕС†РµСЃСЃРѕСЂ Intel Core i7" classname="ParametrizedTest" time="12.651">
    <failure message="Element should have text &quot;РџСЂРѕС†РµСЃСЃРѕСЂ Intel Core i7&quot; {.products-list }&#13;&#10;Element: '&lt;div class=&quot;products-list &quot; data-role=&quot;catalog-items-wrapper&quot;&gt;Процессоры&#10;Процессор Intel Core i7-12700 OEM [LGA 1700, 8P x 2.1 ГГц, 4E x 1.6 ГГц, L2 - 12 МБ, L3 - 25 МБ, 2хDDR4, DDR5-4800 МГц, Intel UHD Graphics 770, TDP 180 Вт]&#10;Сравнить&#10;207&#10;99,63&#10; 9&#10;26 899 ₽&#10;от 2 622 ₽/ мес.&#10;Купить&#10;В наличии: в 5 магазинах&#10;Доставим на дом: завтра&#10;Процессор Intel Core i7-12700K OEM [LGA 1700, 8P x 3.6 ГГц, 4E x 2.7 ГГц, L2 - 12 МБ, L3 - 25 МБ, 2хDDR4, DDR5-4800 МГц, Intel UHD Graphics 770, TDP 190 Вт]&#10;Сравнить&#10;206&#10;99,53&#10; 8&#10;30 999 ₽&#10;от 3 022 ₽/ мес.&#10;Купить&#10;В наличии: в 5 магазинах&#10;Доставим на дом: завтра&#10;Процессор Intel Core i7-13700K OEM [LGA 1700, 8P x 3.4 ГГц, 8E x 2.5 ГГц, L2 - 24 МБ, L3 - 30 МБ, 2хDDR4, DDR5-5600 МГц, Intel UHD Graphics 770, TDP 253 Вт]&#10;Сравнить&#10;91&#10;99,11&#10; 12&#10;39 799 ₽&#10;Требуется предоплата&#10;Купить&#10;В наличии: в 4 магазинах&#10;Доставим на дом: завтра&#10;Процессор Intel Core i7-12700F OEM [LGA 1700, 8P x 2.1 ГГц, 4E x 1.6 ГГц, L2 - 12 МБ, L3 - 25 МБ, 2хDDR4, DDR5-4800 МГц, TDP 180 Вт]&#10;122&#10;99,63&#10; 3&#10;25 899 ₽&#10;от 2 525 ₽/ мес.&#10;Купить&#10;В наличии: в 5 магазинах&#10;Доставим на дом: завтра&#10;Процессор Intel Core i7-13700KF OEM [LGA 1700, 8P x 3.4 ГГц, 8E x 2.5 ГГц, L2 - 24 МБ, L3 - 30 МБ, 2хDDR4, DDR5-5600 МГц, TDP 253 Вт]&#10;85&#10;98,78&#10; 15&#10;38 299 ₽&#10;Уведомить&#10;Товара нет в наличии&#10;Процессор Intel Core i7-12700KF OEM [LGA 1700, 8P x 3.6 ГГц, 4E x 2.7 ГГц, L2 - 12 МБ, L3 - 25 МБ, 2хDDR4, DDR5-4800 МГц, TDP 190 Вт]&#10;168&#10;99,17&#10; 5&#10;28 999 ₽&#10;от 2 827 ₽/ мес.&#10;Купить&#10;В наличии: в 6 магазинах&#10;Доставим на дом: завтра&#10;Процессор Intel Core i7-12700 BOX [LGA 1700, 8P x 2.1 ГГц, 4E x 1.6 ГГц, L2 - 12 МБ, L3 - 25 МБ, 2хDDR4, DDR5-4800 МГц, Intel UHD Graphics 770, TDP 180 Вт, кулер]&#10;207&#10;99,87&#10; 4&#10;27 299 ₽&#10;от 2 661 ₽/ мес.&#10;Купить&#10;В наличии: в 5 магазинах&#10;Доставим на дом: завтра&#10;Процессор Intel Core i7-12700K BOX [LGA 1700, 8P x 3.6 ГГц, 4E x 2.7 ГГц, L2 - 12 МБ, L3 - 25 МБ, 2хDDR4, DDR5-4800 МГц, Intel UHD Graphics 770, TDP 190 Вт]&#10;206&#10;99,47&#10; 1&#10;30 999 ₽&#10;от 3 022 ₽/ мес.&#10;Купить&#10;В наличии: в 4 магазинах&#10;Доставим на дом: завтра&#10;Процессор Intel Core i7-11700F OEM [LGA 1200, 8 x 2.5 ГГц, L2 - 4 МБ, L3 - 16 МБ, 2хDDR4-3200 МГц, TDP 65 Вт]&#10;88&#10;99,29&#10; 5&#10;22 999 ₽&#10;от 2 242 ₽/ мес.&#10;Купить&#10;В наличии: в 1 магазине&#10;Доставим на дом: завтра&#10;Процессор Intel Core i7-13700K BOX [LGA 1700, 8P x 3.4 ГГц, 8E x 2.5 ГГц, L2 - 24 МБ, L3 - 30 МБ, 2хDDR4, DDR5-5600 МГц, Intel UHD Graphics 770, TDP 253 Вт]&#10;91&#10;99,35&#10; 10&#10;40 499 ₽&#10;Требуется предоплата&#10;Купить&#10;В наличии: в 1 магазине&#10;Доставим на дом: завтра&#10;Процессор Intel Core i7-13700KF BOX [LGA 1700, 8P x 3.4 ГГц, 8E x 2.5 ГГц, L2 - 24 МБ, L3 - 30 МБ, 2хDDR4, DDR5-5600 МГц, TDP 253 Вт]&#10;85&#10;99,17&#10; 9&#10;39 299 ₽&#10;Требуется предоплата&#10;Купить&#10;В магазинах: послезавтра&#10;Доставим на дом: послезавтра&#10;Процессор Intel Core i7-12700KF BOX [LGA 1700, 8P x 3.6 ГГц, 4E x 2.7 ГГц, L2 - 12 МБ, L3 - 25 МБ, 2хDDR4, DDR5-4800 МГц, TDP 190 Вт]&#10;168&#10;99,71&#10; 2&#10;29 999 ₽&#10;от 2 924 ₽/ мес.&#10;Купить&#10;В наличии: в 1 магазине&#10;Доставим на дом: завтра&#10;Процессор Intel Core i7-11700K OEM [LGA 1200, 8 x 3.6 ГГц, L2 - 4 МБ, L3 - 16 МБ, 2хDDR4-3200 МГц, Intel UHD Graphics 750, TDP 125 Вт]&#10;32&#10;99,54&#10; 5&#10;26 699 ₽&#10;от 2 603 ₽/ мес.&#10;Купить&#10;В магазинах: послезавтра&#10;Доставим на дом: послезавтра&#10;Процессор Intel Core i7-11700 OEM [LGA 1200, 8 x 2.5 ГГц, L2 - 4 МБ, L3 - 16 МБ, 2хDDR4-3200 МГц, Intel UHD Graphics 750, TDP 65 Вт]&#10;42&#10;99,71&#10; 3&#10;23 499 ₽&#10;от 2 291 ₽/ мес.&#10;Купить&#10;В наличии: в 3 магазинах&#10;Доставим на дом: завтра&#10;Процессор Intel Core i7-12700F BOX [LGA 1700, 8P x 2.1 ГГц, 4E x 1.6 ГГц, L2 - 12 МБ, L3 - 25 МБ, 2хDDR4, DDR5-4800 МГц, TDP 180 Вт, кулер]&#10;122&#10;99,62&#10; 2&#10;26 999 ₽&#10;от 2 632 ₽/ мес.&#10;Купить&#10;В наличии: в 1 магазине&#10;Доставим на дом: завтра&#10;Процессор Intel Core i7-10700F OEM [LGA 1200, 8 x 2.9 ГГц, L2 - 2 МБ, L3 - 16 МБ, 2хDDR4-2933 МГц, TDP 65 Вт]&#10;389&#10;99,23&#10; 57&#10;19 699 ₽&#10;от 1 920 ₽/ мес.&#10;Купить&#10;В наличии: в 1 магазине&#10;Доставим на дом: завтра&#10;Процессор Intel Core i7-11700K BOX [LGA 1200, 8 x 3.6 ГГц, L2 - 4 МБ, L3 - 16 МБ, 2хDDR4-3200 МГц, Intel UHD Graphics 750, TDP 125 Вт]&#10;37&#10;99,53&#10; 5&#10;26 999 ₽&#10;от 2 632 ₽/ мес.&#10;Купить&#10;В наличии: в 1 магазине&#10;Доставим на дом: завтра&#10;Процессор Intel Core i7-11700KF OEM [LGA 1200, 8 x 3.6 ГГц, L2 - 4 МБ, L3 - 16 МБ, 2хDDR4-3200 МГц, TDP 125 Вт]&#10;34&#10;99,47&#10; 4&#10;24 499 ₽&#10;от 2 388 ₽/ мес.&#10;Купить&#10;В наличии: в 3 магазинах&#10;Доставим на дом: завтра&#10;Показать ещё&#10;1&#10;2&lt;/div&gt;'&#13;&#10;Actual value: text=&quot;Процессоры&#10;Процессор Intel Core i7-12700 OEM [LGA 1700, 8P x 2.1 ГГц, 4E x 1.6 ГГц, L2 - 12 МБ, L3 - 25 МБ, 2хDDR4, DDR5-4800 МГц, Intel UHD Graphics 770, TDP 180 Вт]&#10;Сравнить&#10;207&#10;99,63&#10; 9&#10;26 899 ₽&#10;от 2 622 ₽/ мес.&#10;Купить&#10;В наличии: в 5 магазинах&#10;Доставим на дом: завтра&#10;Процессор Intel Core i7-12700K OEM [LGA 1700, 8P x 3.6 ГГц, 4E x 2.7 ГГц, L2 - 12 МБ, L3 - 25 МБ, 2хDDR4, DDR5-4800 МГц, Intel UHD Graphics 770, TDP 190 Вт]&#10;Сравнить&#10;206&#10;99,53&#10; 8&#10;30 999 ₽&#10;от 3 022 ₽/ мес.&#10;Купить&#10;В наличии: в 5 магазинах&#10;Доставим на дом: завтра&#10;Процессор Intel Core i7-13700K OEM [LGA 1700, 8P x 3.4 ГГц, 8E x 2.5 ГГц, L2 - 24 МБ, L3 - 30 МБ, 2хDDR4, DDR5-5600 МГц, Intel UHD Graphics 770, TDP 253 Вт]&#10;Сравнить&#10;91&#10;99,11&#10; 12&#10;39 799 ₽&#10;Требуется предоплата&#10;Купить&#10;В наличии: в 4 магазинах&#10;Доставим на дом: завтра&#10;Процессор Intel Core i7-12700F OEM [LGA 1700, 8P x 2.1 ГГц, 4E x 1.6 ГГц, L2 - 12 МБ, L3 - 25 МБ, 2хDDR4, DDR5-4800 МГц, TDP 180 Вт]&#10;122&#10;99,63&#10; 3&#10;25 899 ₽&#10;от 2 525 ₽/ мес.&#10;Купить&#10;В наличии: в 5 магазинах&#10;Доставим на дом: завтра&#10;Процессор Intel Core i7-13700KF OEM [LGA 1700, 8P x 3.4 ГГц, 8E x 2.5 ГГц, L2 - 24 МБ, L3 - 30 МБ, 2хDDR4, DDR5-5600 МГц, TDP 253 Вт]&#10;85&#10;98,78&#10; 15&#10;38 299 ₽&#10;Уведомить&#10;Товара нет в наличии&#10;Процессор Intel Core i7-12700KF OEM [LGA 1700, 8P x 3.6 ГГц, 4E x 2.7 ГГц, L2 - 12 МБ, L3 - 25 МБ, 2хDDR4, DDR5-4800 МГц, TDP 190 Вт]&#10;168&#10;99,17&#10; 5&#10;28 999 ₽&#10;от 2 827 ₽/ мес.&#10;Купить&#10;В наличии: в 6 магазинах&#10;Доставим на дом: завтра&#10;Процессор Intel Core i7-12700 BOX [LGA 1700, 8P x 2.1 ГГц, 4E x 1.6 ГГц, L2 - 12 МБ, L3 - 25 МБ, 2хDDR4, DDR5-4800 МГц, Intel UHD Graphics 770, TDP 180 Вт, кулер]&#10;207&#10;99,87&#10; 4&#10;27 299 ₽&#10;от 2 661 ₽/ мес.&#10;Купить&#10;В наличии: в 5 магазинах&#10;Доставим на дом: завтра&#10;Процессор Intel Core i7-12700K BOX [LGA 1700, 8P x 3.6 ГГц, 4E x 2.7 ГГц, L2 - 12 МБ, L3 - 25 МБ, 2хDDR4, DDR5-4800 МГц, Intel UHD Graphics 770, TDP 190 Вт]&#10;206&#10;99,47&#10; 1&#10;30 999 ₽&#10;от 3 022 ₽/ мес.&#10;Купить&#10;В наличии: в 4 магазинах&#10;Доставим на дом: завтра&#10;Процессор Intel Core i7-11700F OEM [LGA 1200, 8 x 2.5 ГГц, L2 - 4 МБ, L3 - 16 МБ, 2хDDR4-3200 МГц, TDP 65 Вт]&#10;88&#10;99,29&#10; 5&#10;22 999 ₽&#10;от 2 242 ₽/ мес.&#10;Купить&#10;В наличии: в 1 магазине&#10;Доставим на дом: завтра&#10;Процессор Intel Core i7-13700K BOX [LGA 1700, 8P x 3.4 ГГц, 8E x 2.5 ГГц, L2 - 24 МБ, L3 - 30 МБ, 2хDDR4, DDR5-5600 МГц, Intel UHD Graphics 770, TDP 253 Вт]&#10;91&#10;99,35&#10; 10&#10;40 499 ₽&#10;Требуется предоплата&#10;Купить&#10;В наличии: в 1 магазине&#10;Доставим на дом: завтра&#10;Процессор Intel Core i7-13700KF BOX [LGA 1700, 8P x 3.4 ГГц, 8E x 2.5 ГГц, L2 - 24 МБ, L3 - 30 МБ, 2хDDR4, DDR5-5600 МГц, TDP 253 Вт]&#10;85&#10;99,17&#10; 9&#10;39 299 ₽&#10;Требуется предоплата&#10;Купить&#10;В магазинах: послезавтра&#10;Доставим на дом: послезавтра&#10;Процессор Intel Core i7-12700KF BOX [LGA 1700, 8P x 3.6 ГГц, 4E x 2.7 ГГц, L2 - 12 МБ, L3 - 25 МБ, 2хDDR4, DDR5-4800 МГц, TDP 190 Вт]&#10;168&#10;99,71&#10; 2&#10;29 999 ₽&#10;от 2 924 ₽/ мес.&#10;Купить&#10;В наличии: в 1 магазине&#10;Доставим на дом: завтра&#10;Процессор Intel Core i7-11700K OEM [LGA 1200, 8 x 3.6 ГГц, L2 - 4 МБ, L3 - 16 МБ, 2хDDR4-3200 МГц, Intel UHD Graphics 750, TDP 125 Вт]&#10;32&#10;99,54&#10; 5&#10;26 699 ₽&#10;от 2 603 ₽/ мес.&#10;Купить&#10;В магазинах: послезавтра&#10;Доставим на дом: послезавтра&#10;Процессор Intel Core i7-11700 OEM [LGA 1200, 8 x 2.5 ГГц, L2 - 4 МБ, L3 - 16 МБ, 2хDDR4-3200 МГц, Intel UHD Graphics 750, TDP 65 Вт]&#10;42&#10;99,71&#10; 3&#10;23 499 ₽&#10;от 2 291 ₽/ мес.&#10;Купить&#10;В наличии: в 3 магазинах&#10;Доставим на дом: завтра&#10;Процессор Intel Core i7-12700F BOX [LGA 1700, 8P x 2.1 ГГц, 4E x 1.6 ГГц, L2 - 12 МБ, L3 - 25 МБ, 2хDDR4, DDR5-4800 МГц, TDP 180 Вт, кулер]&#10;122&#10;99,62&#10; 2&#10;26 999 ₽&#10;от 2 632 ₽/ мес.&#10;Купить&#10;В наличии: в 1 магазине&#10;Доставим на дом: завтра&#10;Процессор Intel Core i7-10700F OEM [LGA 1200, 8 x 2.9 ГГц, L2 - 2 МБ, L3 - 16 МБ, 2хDDR4-2933 МГц, TDP 65 Вт]&#10;389&#10;99,23&#10; 57&#10;19 699 ₽&#10;от 1 920 ₽/ мес.&#10;Купить&#10;В наличии: в 1 магазине&#10;Доставим на дом: завтра&#10;Процессор Intel Core i7-11700K BOX [LGA 1200, 8 x 3.6 ГГц, L2 - 4 МБ, L3 - 16 МБ, 2хDDR4-3200 МГц, Intel UHD Graphics 750, TDP 125 Вт]&#10;37&#10;99,53&#10; 5&#10;26 999 ₽&#10;от 2 632 ₽/ мес.&#10;Купить&#10;В наличии: в 1 магазине&#10;Доставим на дом: завтра&#10;Процессор Intel Core i7-11700KF OEM [LGA 1200, 8 x 3.6 ГГц, L2 - 4 МБ, L3 - 16 МБ, 2хDDR4-3200 МГц, TDP 125 Вт]&#10;34&#10;99,47&#10; 4&#10;24 499 ₽&#10;от 2 388 ₽/ мес.&#10;Купить&#10;В наличии: в 3 магазинах&#10;Доставим на дом: завтра&#10;Показать ещё&#10;1&#10;2&quot;&#13;&#10;Screenshot: file:/C:/Users/musku/IdeaProjects/DNS_Search/build/reports/tests/1680872241007.0.png&#13;&#10;Page source: file:/C:/Users/musku/IdeaProjects/DNS_Search/build/reports/tests/1680872241007.0.html&#13;&#10;Timeout: 4 s." type="com.codeborne.selenide.ex.ElementShould">Element should have text &quot;РџСЂРѕС†РµСЃСЃРѕСЂ Intel Core i7&quot; {.products-list }
Element: '&lt;div class=&quot;products-list &quot; data-role=&quot;catalog-items-wrapper&quot;&gt;Процессоры
Процессор Intel Core i7-12700 OEM [LGA 1700, 8P x 2.1 ГГц, 4E x 1.6 ГГц, L2 - 12 МБ, L3 - 25 МБ, 2хDDR4, DDR5-4800 МГц, Intel UHD Graphics 770, TDP 180 Вт]
Сравнить
207
99,63
 9
26 899 ₽
от 2 622 ₽/ мес.
Купить
В наличии: в 5 магазинах
Доставим на дом: завтра
Процессор Intel Core i7-12700K OEM [LGA 1700, 8P x 3.6 ГГц, 4E x 2.7 ГГц, L2 - 12 МБ, L3 - 25 МБ, 2хDDR4, DDR5-4800 МГц, Intel UHD Graphics 770, TDP 190 Вт]
Сравнить
206
99,53
 8
30 999 ₽
от 3 022 ₽/ мес.
Купить
В наличии: в 5 магазинах
Доставим на дом: завтра
Процессор Intel Core i7-13700K OEM [LGA 1700, 8P x 3.4 ГГц, 8E x 2.5 ГГц, L2 - 24 МБ, L3 - 30 МБ, 2хDDR4, DDR5-5600 МГц, Intel UHD Graphics 770, TDP 253 Вт]
Сравнить
91
99,11
 12
39 799 ₽
Требуется предоплата
Купить
В наличии: в 4 магазинах
Доставим на дом: завтра
Процессор Intel Core i7-12700F OEM [LGA 1700, 8P x 2.1 ГГц, 4E x 1.6 ГГц, L2 - 12 МБ, L3 - 25 МБ, 2хDDR4, DDR5-4800 МГц, TDP 180 Вт]
122
99,63
 3
25 899 ₽
от 2 525 ₽/ мес.
Купить
В наличии: в 5 магазинах
Доставим на дом: завтра
Процессор Intel Core i7-13700KF OEM [LGA 1700, 8P x 3.4 ГГц, 8E x 2.5 ГГц, L2 - 24 МБ, L3 - 30 МБ, 2хDDR4, DDR5-5600 МГц, TDP 253 Вт]
85
98,78
 15
38 299 ₽
Уведомить
Товара нет в наличии
Процессор Intel Core i7-12700KF OEM [LGA 1700, 8P x 3.6 ГГц, 4E x 2.7 ГГц, L2 - 12 МБ, L3 - 25 МБ, 2хDDR4, DDR5-4800 МГц, TDP 190 Вт]
168
99,17
 5
28 999 ₽
от 2 827 ₽/ мес.
Купить
В наличии: в 6 магазинах
Доставим на дом: завтра
Процессор Intel Core i7-12700 BOX [LGA 1700, 8P x 2.1 ГГц, 4E x 1.6 ГГц, L2 - 12 МБ, L3 - 25 МБ, 2хDDR4, DDR5-4800 МГц, Intel UHD Graphics 770, TDP 180 Вт, кулер]
207
99,87
 4
27 299 ₽
от 2 661 ₽/ мес.
Купить
В наличии: в 5 магазинах
Доставим на дом: завтра
Процессор Intel Core i7-12700K BOX [LGA 1700, 8P x 3.6 ГГц, 4E x 2.7 ГГц, L2 - 12 МБ, L3 - 25 МБ, 2хDDR4, DDR5-4800 МГц, Intel UHD Graphics 770, TDP 190 Вт]
206
99,47
 1
30 999 ₽
от 3 022 ₽/ мес.
Купить
В наличии: в 4 магазинах
Доставим на дом: завтра
Процессор Intel Core i7-11700F OEM [LGA 1200, 8 x 2.5 ГГц, L2 - 4 МБ, L3 - 16 МБ, 2хDDR4-3200 МГц, TDP 65 Вт]
88
99,29
 5
22 999 ₽
от 2 242 ₽/ мес.
Купить
В наличии: в 1 магазине
Доставим на дом: завтра
Процессор Intel Core i7-13700K BOX [LGA 1700, 8P x 3.4 ГГц, 8E x 2.5 ГГц, L2 - 24 МБ, L3 - 30 МБ, 2хDDR4, DDR5-5600 МГц, Intel UHD Graphics 770, TDP 253 Вт]
91
99,35
 10
40 499 ₽
Требуется предоплата
Купить
В наличии: в 1 магазине
Доставим на дом: завтра
Процессор Intel Core i7-13700KF BOX [LGA 1700, 8P x 3.4 ГГц, 8E x 2.5 ГГц, L2 - 24 МБ, L3 - 30 МБ, 2хDDR4, DDR5-5600 МГц, TDP 253 Вт]
85
99,17
 9
39 299 ₽
Требуется предоплата
Купить
В магазинах: послезавтра
Доставим на дом: послезавтра
Процессор Intel Core i7-12700KF BOX [LGA 1700, 8P x 3.6 ГГц, 4E x 2.7 ГГц, L2 - 12 МБ, L3 - 25 МБ, 2хDDR4, DDR5-4800 МГц, TDP 190 Вт]
168
99,71
 2
29 999 ₽
от 2 924 ₽/ мес.
Купить
В наличии: в 1 магазине
Доставим на дом: завтра
Процессор Intel Core i7-11700K OEM [LGA 1200, 8 x 3.6 ГГц, L2 - 4 МБ, L3 - 16 МБ, 2хDDR4-3200 МГц, Intel UHD Graphics 750, TDP 125 Вт]
32
99,54
 5
26 699 ₽
от 2 603 ₽/ мес.
Купить
В магазинах: послезавтра
Доставим на дом: послезавтра
Процессор Intel Core i7-11700 OEM [LGA 1200, 8 x 2.5 ГГц, L2 - 4 МБ, L3 - 16 МБ, 2хDDR4-3200 МГц, Intel UHD Graphics 750, TDP 65 Вт]
42
99,71
 3
23 499 ₽
от 2 291 ₽/ мес.
Купить
В наличии: в 3 магазинах
Доставим на дом: завтра
Процессор Intel Core i7-12700F BOX [LGA 1700, 8P x 2.1 ГГц, 4E x 1.6 ГГц, L2 - 12 МБ, L3 - 25 МБ, 2хDDR4, DDR5-4800 МГц, TDP 180 Вт, кулер]
122
99,62
 2
26 999 ₽
от 2 632 ₽/ мес.
Купить
В наличии: в 1 магазине
Доставим на дом: завтра
Процессор Intel Core i7-10700F OEM [LGA 1200, 8 x 2.9 ГГц, L2 - 2 МБ, L3 - 16 МБ, 2хDDR4-2933 МГц, TDP 65 Вт]
389
99,23
 57
19 699 ₽
от 1 920 ₽/ мес.
Купить
В наличии: в 1 магазине
Доставим на дом: завтра
Процессор Intel Core i7-11700K BOX [LGA 1200, 8 x 3.6 ГГц, L2 - 4 МБ, L3 - 16 МБ, 2хDDR4-3200 МГц, Intel UHD Graphics 750, TDP 125 Вт]
37
99,53
 5
26 999 ₽
от 2 632 ₽/ мес.
Купить
В наличии: в 1 магазине
Доставим на дом: завтра
Процессор Intel Core i7-11700KF OEM [LGA 1200, 8 x 3.6 ГГц, L2 - 4 МБ, L3 - 16 МБ, 2хDDR4-3200 МГц, TDP 125 Вт]
34
99,47
 4
24 499 ₽
от 2 388 ₽/ мес.
Купить
В наличии: в 3 магазинах
Доставим на дом: завтра
Показать ещё
1
2&lt;/div&gt;'
Actual value: text=&quot;Процессоры
Процессор Intel Core i7-12700 OEM [LGA 1700, 8P x 2.1 ГГц, 4E x 1.6 ГГц, L2 - 12 МБ, L3 - 25 МБ, 2хDDR4, DDR5-4800 МГц, Intel UHD Graphics 770, TDP 180 Вт]
Сравнить
207
99,63
 9
26 899 ₽
от 2 622 ₽/ мес.
Купить
В наличии: в 5 магазинах
Доставим на дом: завтра
Процессор Intel Core i7-12700K OEM [LGA 1700, 8P x 3.6 ГГц, 4E x 2.7 ГГц, L2 - 12 МБ, L3 - 25 МБ, 2хDDR4, DDR5-4800 МГц, Intel UHD Graphics 770, TDP 190 Вт]
Сравнить
206
99,53
 8
30 999 ₽
от 3 022 ₽/ мес.
Купить
В наличии: в 5 магазинах
Доставим на дом: завтра
Процессор Intel Core i7-13700K OEM [LGA 1700, 8P x 3.4 ГГц, 8E x 2.5 ГГц, L2 - 24 МБ, L3 - 30 МБ, 2хDDR4, DDR5-5600 МГц, Intel UHD Graphics 770, TDP 253 Вт]
Сравнить
91
99,11
 12
39 799 ₽
Требуется предоплата
Купить
В наличии: в 4 магазинах
Доставим на дом: завтра
Процессор Intel Core i7-12700F OEM [LGA 1700, 8P x 2.1 ГГц, 4E x 1.6 ГГц, L2 - 12 МБ, L3 - 25 МБ, 2хDDR4, DDR5-4800 МГц, TDP 180 Вт]
122
99,63
 3
25 899 ₽
от 2 525 ₽/ мес.
Купить
В наличии: в 5 магазинах
Доставим на дом: завтра
Процессор Intel Core i7-13700KF OEM [LGA 1700, 8P x 3.4 ГГц, 8E x 2.5 ГГц, L2 - 24 МБ, L3 - 30 МБ, 2хDDR4, DDR5-5600 МГц, TDP 253 Вт]
85
98,78
 15
38 299 ₽
Уведомить
Товара нет в наличии
Процессор Intel Core i7-12700KF OEM [LGA 1700, 8P x 3.6 ГГц, 4E x 2.7 ГГц, L2 - 12 МБ, L3 - 25 МБ, 2хDDR4, DDR5-4800 МГц, TDP 190 Вт]
168
99,17
 5
28 999 ₽
от 2 827 ₽/ мес.
Купить
В наличии: в 6 магазинах
Доставим на дом: завтра
Процессор Intel Core i7-12700 BOX [LGA 1700, 8P x 2.1 ГГц, 4E x 1.6 ГГц, L2 - 12 МБ, L3 - 25 МБ, 2хDDR4, DDR5-4800 МГц, Intel UHD Graphics 770, TDP 180 Вт, кулер]
207
99,87
 4
27 299 ₽
от 2 661 ₽/ мес.
Купить
В наличии: в 5 магазинах
Доставим на дом: завтра
Процессор Intel Core i7-12700K BOX [LGA 1700, 8P x 3.6 ГГц, 4E x 2.7 ГГц, L2 - 12 МБ, L3 - 25 МБ, 2хDDR4, DDR5-4800 МГц, Intel UHD Graphics 770, TDP 190 Вт]
206
99,47
 1
30 999 ₽
от 3 022 ₽/ мес.
Купить
В наличии: в 4 магазинах
Доставим на дом: завтра
Процессор Intel Core i7-11700F OEM [LGA 1200, 8 x 2.5 ГГц, L2 - 4 МБ, L3 - 16 МБ, 2хDDR4-3200 МГц, TDP 65 Вт]
88
99,29
 5
22 999 ₽
от 2 242 ₽/ мес.
Купить
В наличии: в 1 магазине
Доставим на дом: завтра
Процессор Intel Core i7-13700K BOX [LGA 1700, 8P x 3.4 ГГц, 8E x 2.5 ГГц, L2 - 24 МБ, L3 - 30 МБ, 2хDDR4, DDR5-5600 МГц, Intel UHD Graphics 770, TDP 253 Вт]
91
99,35
 10
40 499 ₽
Требуется предоплата
Купить
В наличии: в 1 магазине
Доставим на дом: завтра
Процессор Intel Core i7-13700KF BOX [LGA 1700, 8P x 3.4 ГГц, 8E x 2.5 ГГц, L2 - 24 МБ, L3 - 30 МБ, 2хDDR4, DDR5-5600 МГц, TDP 253 Вт]
85
99,17
 9
39 299 ₽
Требуется предоплата
Купить
В магазинах: послезавтра
Доставим на дом: послезавтра
Процессор Intel Core i7-12700KF BOX [LGA 1700, 8P x 3.6 ГГц, 4E x 2.7 ГГц, L2 - 12 МБ, L3 - 25 МБ, 2хDDR4, DDR5-4800 МГц, TDP 190 Вт]
168
99,71
 2
29 999 ₽
от 2 924 ₽/ мес.
Купить
В наличии: в 1 магазине
Доставим на дом: завтра
Процессор Intel Core i7-11700K OEM [LGA 1200, 8 x 3.6 ГГц, L2 - 4 МБ, L3 - 16 МБ, 2хDDR4-3200 МГц, Intel UHD Graphics 750, TDP 125 Вт]
32
99,54
 5
26 699 ₽
от 2 603 ₽/ мес.
Купить
В магазинах: послезавтра
Доставим на дом: послезавтра
Процессор Intel Core i7-11700 OEM [LGA 1200, 8 x 2.5 ГГц, L2 - 4 МБ, L3 - 16 МБ, 2хDDR4-3200 МГц, Intel UHD Graphics 750, TDP 65 Вт]
42
99,71
 3
23 499 ₽
от 2 291 ₽/ мес.
Купить
В наличии: в 3 магазинах
Доставим на дом: завтра
Процессор Intel Core i7-12700F BOX [LGA 1700, 8P x 2.1 ГГц, 4E x 1.6 ГГц, L2 - 12 МБ, L3 - 25 МБ, 2хDDR4, DDR5-4800 МГц, TDP 180 Вт, кулер]
122
99,62
 2
26 999 ₽
от 2 632 ₽/ мес.
Купить
В наличии: в 1 магазине
Доставим на дом: завтра
Процессор Intel Core i7-10700F OEM [LGA 1200, 8 x 2.9 ГГц, L2 - 2 МБ, L3 - 16 МБ, 2хDDR4-2933 МГц, TDP 65 Вт]
389
99,23
 57
19 699 ₽
от 1 920 ₽/ мес.
Купить
В наличии: в 1 магазине
Доставим на дом: завтра
Процессор Intel Core i7-11700K BOX [LGA 1200, 8 x 3.6 ГГц, L2 - 4 МБ, L3 - 16 МБ, 2хDDR4-3200 МГц, Intel UHD Graphics 750, TDP 125 Вт]
37
99,53
 5
26 999 ₽
от 2 632 ₽/ мес.
Купить
В наличии: в 1 магазине
Доставим на дом: завтра
Процессор Intel Core i7-11700KF OEM [LGA 1200, 8 x 3.6 ГГц, L2 - 4 МБ, L3 - 16 МБ, 2хDDR4-3200 МГц, TDP 125 Вт]
34
99,47
 4
24 499 ₽
от 2 388 ₽/ мес.
Купить
В наличии: в 3 магазинах
Доставим на дом: завтра
Показать ещё
1
2&quot;
Screenshot: file:/C:/Users/musku/IdeaProjects/DNS_Search/build/reports/tests/1680872241007.0.png
Page source: file:/C:/Users/musku/IdeaProjects/DNS_Search/build/reports/tests/1680872241007.0.html
Timeout: 4 s.
	at com.codeborne.selenide.impl.WebElementSource.handleError(WebElementSource.java:146)
	at com.codeborne.selenide.impl.WebElementSource.checkConditionAndReturnElement(WebElementSource.java:124)
	at com.codeborne.selenide.impl.WebElementSource.checkCondition(WebElementSource.java:101)
	at com.codeborne.selenide.commands.Should.execute(Should.java:30)
	at com.codeborne.selenide.commands.Should.execute(Should.java:14)
	at com.codeborne.selenide.commands.Commands.execute(Commands.java:159)
	at com.codeborne.selenide.impl.SelenideElementProxy.dispatchAndRetry(SelenideElementProxy.java:132)
	at com.codeborne.selenide.impl.SelenideElementProxy.invoke(SelenideElementProxy.java:84)
	at com.sun.proxy.$Proxy23.shouldHave(Unknown Source)
	at ParametrizedTest.SearchResultsShouldContainExpectedNames(ParametrizedTest.java:58)
	at sun.reflect.NativeMethodAccessorImpl.invoke0(Native Method)
	at sun.reflect.NativeMethodAccessorImpl.invoke(NativeMethodAccessorImpl.java:62)
	at sun.reflect.DelegatingMethodAccessorImpl.invoke(DelegatingMethodAccessorImpl.java:43)
	at java.lang.reflect.Method.invoke(Method.java:498)
	at org.junit.platform.commons.util.ReflectionUtils.invokeMethod(ReflectionUtils.java:727)
	at org.junit.jupiter.engine.execution.MethodInvocation.proceed(MethodInvocation.java:60)
	at org.junit.jupiter.engine.execution.InvocationInterceptorChain$ValidatingInvocation.proceed(InvocationInterceptorChain.java:131)
	at org.junit.jupiter.engine.extension.TimeoutExtension.intercept(TimeoutExtension.java:156)
	at org.junit.jupiter.engine.extension.TimeoutExtension.interceptTestableMethod(TimeoutExtension.java:147)
	at org.junit.jupiter.engine.extension.TimeoutExtension.interceptTestTemplateMethod(TimeoutExtension.java:94)
	at org.junit.jupiter.engine.execution.InterceptingExecutableInvoker$ReflectiveInterceptorCall.lambda$ofVoidMethod$0(InterceptingExecutableInvoker.java:103)
	at org.junit.jupiter.engine.execution.InterceptingExecutableInvoker.lambda$invoke$0(InterceptingExecutableInvoker.java:93)
	at org.junit.jupiter.engine.execution.InvocationInterceptorChain$InterceptedInvocation.proceed(InvocationInterceptorChain.java:106)
	at org.junit.jupiter.engine.execution.InvocationInterceptorChain.proceed(InvocationInterceptorChain.java:64)
	at org.junit.jupiter.engine.execution.InvocationInterceptorChain.chainAndInvoke(InvocationInterceptorChain.java:45)
	at org.junit.jupiter.engine.execution.InvocationInterceptorChain.invoke(InvocationInterceptorChain.java:37)
	at org.junit.jupiter.engine.execution.InterceptingExecutableInvoker.invoke(InterceptingExecutableInvoker.java:92)
	at org.junit.jupiter.engine.execution.InterceptingExecutableInvoker.invoke(InterceptingExecutableInvoker.java:86)
	at org.junit.jupiter.engine.descriptor.TestMethodTestDescriptor.lambda$invokeTestMethod$7(TestMethodTestDescriptor.java:217)
	at org.junit.platform.engine.support.hierarchical.ThrowableCollector.execute(ThrowableCollector.java:73)
	at org.junit.jupiter.engine.descriptor.TestMethodTestDescriptor.invokeTestMethod(TestMethodTestDescriptor.java:213)
	at org.junit.jupiter.engine.descriptor.TestMethodTestDescriptor.execute(TestMethodTestDescriptor.java:138)
	at org.junit.jupiter.engine.descriptor.TestMethodTestDescriptor.execute(TestMethodTestDescriptor.java:68)
	at org.junit.platform.engine.support.hierarchical.NodeTestTask.lambda$executeRecursively$6(NodeTestTask.java:151)
	at org.junit.platform.engine.support.hierarchical.ThrowableCollector.execute(ThrowableCollector.java:73)
	at org.junit.platform.engine.support.hierarchical.NodeTestTask.lambda$executeRecursively$8(NodeTestTask.java:141)
	at org.junit.platform.engine.support.hierarchical.Node.around(Node.java:137)
	at org.junit.platform.engine.support.hierarchical.NodeTestTask.lambda$executeRecursively$9(NodeTestTask.java:139)
	at org.junit.platform.engine.support.hierarchical.ThrowableCollector.execute(ThrowableCollector.java:73)
	at org.junit.platform.engine.support.hierarchical.NodeTestTask.executeRecursively(NodeTestTask.java:138)
	at org.junit.platform.engine.support.hierarchical.NodeTestTask.execute(NodeTestTask.java:95)
	at org.junit.platform.engine.support.hierarchical.SameThreadHierarchicalTestExecutorService.submit(SameThreadHierarchicalTestExecutorService.java:35)
	at org.junit.platform.engine.support.hierarchical.NodeTestTask$DefaultDynamicTestExecutor.execute(NodeTestTask.java:226)
	at org.junit.platform.engine.support.hierarchical.NodeTestTask$DefaultDynamicTestExecutor.execute(NodeTestTask.java:204)
	at org.junit.jupiter.engine.descriptor.TestTemplateTestDescriptor.execute(TestTemplateTestDescriptor.java:142)
	at org.junit.jupiter.engine.descriptor.TestTemplateTestDescriptor.lambda$execute$2(TestTemplateTestDescriptor.java:110)
	at java.util.stream.ForEachOps$ForEachOp$OfRef.accept(ForEachOps.java:183)
	at java.util.stream.ReferencePipeline$3$1.accept(ReferencePipeline.java:193)
	at java.util.stream.ReferencePipeline$2$1.accept(ReferencePipeline.java:175)
	at java.util.stream.ReferencePipeline$3$1.accept(ReferencePipeline.java:193)
	at java.util.stream.ForEachOps$ForEachOp$OfRef.accept(ForEachOps.java:183)
	at java.util.stream.ReferencePipeline$3$1.accept(ReferencePipeline.java:193)
	at java.util.stream.ReferencePipeline$3$1.accept(ReferencePipeline.java:193)
	at java.util.stream.ReferencePipeline$3$1.accept(ReferencePipeline.java:193)
	at java.util.stream.ForEachOps$ForEachOp$OfRef.accept(ForEachOps.java:183)
	at java.util.stream.ReferencePipeline$3$1.accept(ReferencePipeline.java:193)
	at java.util.Spliterators$ArraySpliterator.forEachRemaining(Spliterators.java:948)
	at java.util.stream.ReferencePipeline$Head.forEach(ReferencePipeline.java:647)
	at java.util.stream.ReferencePipeline$7$1.accept(ReferencePipeline.java:272)
	at java.util.stream.ReferencePipeline$3$1.accept(ReferencePipeline.java:193)
	at java.util.stream.ReferencePipeline$3$1.accept(ReferencePipeline.java:193)
	at java.util.Spliterators$ArraySpliterator.forEachRemaining(Spliterators.java:948)
	at java.util.stream.AbstractPipeline.copyInto(AbstractPipeline.java:482)
	at java.util.stream.AbstractPipeline.wrapAndCopyInto(AbstractPipeline.java:472)
	at java.util.stream.ForEachOps$ForEachOp.evaluateSequential(ForEachOps.java:150)
	at java.util.stream.ForEachOps$ForEachOp$OfRef.evaluateSequential(ForEachOps.java:173)
	at java.util.stream.AbstractPipeline.evaluate(AbstractPipeline.java:234)
	at java.util.stream.ReferencePipeline.forEach(ReferencePipeline.java:485)
	at java.util.stream.ReferencePipeline$7$1.accept(ReferencePipeline.java:272)
	at java.util.stream.ReferencePipeline$3$1.accept(ReferencePipeline.java:193)
	at java.util.stream.ReferencePipeline$3$1.accept(ReferencePipeline.java:193)
	at java.util.stream.ReferencePipeline$3$1.accept(ReferencePipeline.java:193)
	at java.util.ArrayList$ArrayListSpliterator.forEachRemaining(ArrayList.java:1384)
	at java.util.stream.AbstractPipeline.copyInto(AbstractPipeline.java:482)
	at java.util.stream.AbstractPipeline.wrapAndCopyInto(AbstractPipeline.java:472)
	at java.util.stream.ForEachOps$ForEachOp.evaluateSequential(ForEachOps.java:150)
	at java.util.stream.ForEachOps$ForEachOp$OfRef.evaluateSequential(ForEachOps.java:173)
	at java.util.stream.AbstractPipeline.evaluate(AbstractPipeline.java:234)
	at java.util.stream.ReferencePipeline.forEach(ReferencePipeline.java:485)
	at java.util.stream.ReferencePipeline$7$1.accept(ReferencePipeline.java:272)
	at java.util.ArrayList$ArrayListSpliterator.forEachRemaining(ArrayList.java:1384)
	at java.util.stream.AbstractPipeline.copyInto(AbstractPipeline.java:482)
	at java.util.stream.AbstractPipeline.wrapAndCopyInto(AbstractPipeline.java:472)
	at java.util.stream.ForEachOps$ForEachOp.evaluateSequential(ForEachOps.java:150)
	at java.util.stream.ForEachOps$ForEachOp$OfRef.evaluateSequential(ForEachOps.java:173)
	at java.util.stream.AbstractPipeline.evaluate(AbstractPipeline.java:234)
	at java.util.stream.ReferencePipeline.forEach(ReferencePipeline.java:485)
	at org.junit.jupiter.engine.descriptor.TestTemplateTestDescriptor.execute(TestTemplateTestDescriptor.java:110)
	at org.junit.jupiter.engine.descriptor.TestTemplateTestDescriptor.execute(TestTemplateTestDescriptor.java:44)
	at org.junit.platform.engine.support.hierarchical.NodeTestTask.lambda$executeRecursively$6(NodeTestTask.java:151)
	at org.junit.platform.engine.support.hierarchical.ThrowableCollector.execute(ThrowableCollector.java:73)
	at org.junit.platform.engine.support.hierarchical.NodeTestTask.lambda$executeRecursively$8(NodeTestTask.java:141)
	at org.junit.platform.engine.support.hierarchical.Node.around(Node.java:137)
	at org.junit.platform.engine.support.hierarchical.NodeTestTask.lambda$executeRecursively$9(NodeTestTask.java:139)
	at org.junit.platform.engine.support.hierarchical.ThrowableCollector.execute(ThrowableCollector.java:73)
	at org.junit.platform.engine.support.hierarchical.NodeTestTask.executeRecursively(NodeTestTask.java:138)
	at org.junit.platform.engine.support.hierarchical.NodeTestTask.execute(NodeTestTask.java:95)
	at java.util.ArrayList.forEach(ArrayList.java:1259)
	at org.junit.platform.engine.support.hierarchical.SameThreadHierarchicalTestExecutorService.invokeAll(SameThreadHierarchicalTestExecutorService.java:41)
	at org.junit.platform.engine.support.hierarchical.NodeTestTask.lambda$executeRecursively$6(NodeTestTask.java:155)
	at org.junit.platform.engine.support.hierarchical.ThrowableCollector.execute(ThrowableCollector.java:73)
	at org.junit.platform.engine.support.hierarchical.NodeTestTask.lambda$executeRecursively$8(NodeTestTask.java:141)
	at org.junit.platform.engine.support.hierarchical.Node.around(Node.java:137)
	at org.junit.platform.engine.support.hierarchical.NodeTestTask.lambda$executeRecursively$9(NodeTestTask.java:139)
	at org.junit.platform.engine.support.hierarchical.ThrowableCollector.execute(ThrowableCollector.java:73)
	at org.junit.platform.engine.support.hierarchical.NodeTestTask.executeRecursively(NodeTestTask.java:138)
	at org.junit.platform.engine.support.hierarchical.NodeTestTask.execute(NodeTestTask.java:95)
	at java.util.ArrayList.forEach(ArrayList.java:1259)
	at org.junit.platform.engine.support.hierarchical.SameThreadHierarchicalTestExecutorService.invokeAll(SameThreadHierarchicalTestExecutorService.java:41)
	at org.junit.platform.engine.support.hierarchical.NodeTestTask.lambda$executeRecursively$6(NodeTestTask.java:155)
	at org.junit.platform.engine.support.hierarchical.ThrowableCollector.execute(ThrowableCollector.java:73)
	at org.junit.platform.engine.support.hierarchical.NodeTestTask.lambda$executeRecursively$8(NodeTestTask.java:141)
	at org.junit.platform.engine.support.hierarchical.Node.around(Node.java:137)
	at org.junit.platform.engine.support.hierarchical.NodeTestTask.lambda$executeRecursively$9(NodeTestTask.java:139)
	at org.junit.platform.engine.support.hierarchical.ThrowableCollector.execute(ThrowableCollector.java:73)
	at org.junit.platform.engine.support.hierarchical.NodeTestTask.executeRecursively(NodeTestTask.java:138)
	at org.junit.platform.engine.support.hierarchical.NodeTestTask.execute(NodeTestTask.java:95)
	at org.junit.platform.engine.support.hierarchical.SameThreadHierarchicalTestExecutorService.submit(SameThreadHierarchicalTestExecutorService.java:35)
	at org.junit.platform.engine.support.hierarchical.HierarchicalTestExecutor.execute(HierarchicalTestExecutor.java:57)
	at org.junit.platform.engine.support.hierarchical.HierarchicalTestEngine.execute(HierarchicalTestEngine.java:54)
	at org.junit.platform.launcher.core.EngineExecutionOrchestrator.execute(EngineExecutionOrchestrator.java:107)
	at org.junit.platform.launcher.core.EngineExecutionOrchestrator.execute(EngineExecutionOrchestrator.java:88)
	at org.junit.platform.launcher.core.EngineExecutionOrchestrator.lambda$execute$0(EngineExecutionOrchestrator.java:54)
	at org.junit.platform.launcher.core.EngineExecutionOrchestrator.withInterceptedStreams(EngineExecutionOrchestrator.java:67)
	at org.junit.platform.launcher.core.EngineExecutionOrchestrator.execute(EngineExecutionOrchestrator.java:52)
	at org.junit.platform.launcher.core.DefaultLauncher.execute(DefaultLauncher.java:114)
	at org.junit.platform.launcher.core.DefaultLauncher.execute(DefaultLauncher.java:86)
	at org.junit.platform.launcher.core.DefaultLauncherSession$DelegatingLauncher.execute(DefaultLauncherSession.java:86)
	at org.junit.platform.launcher.core.SessionPerRequestLauncher.execute(SessionPerRequestLauncher.java:53)
	at org.gradle.api.internal.tasks.testing.junitplatform.JUnitPlatformTestClassProcessor$CollectAllTestClassesExecutor.processAllTestClasses(JUnitPlatformTestClassProcessor.java:99)
	at org.gradle.api.internal.tasks.testing.junitplatform.JUnitPlatformTestClassProcessor$CollectAllTestClassesExecutor.access$000(JUnitPlatformTestClassProcessor.java:79)
	at org.gradle.api.internal.tasks.testing.junitplatform.JUnitPlatformTestClassProcessor.stop(JUnitPlatformTestClassProcessor.java:75)
	at org.gradle.api.internal.tasks.testing.SuiteTestClassProcessor.stop(SuiteTestClassProcessor.java:61)
	at sun.reflect.NativeMethodAccessorImpl.invoke0(Native Method)
	at sun.reflect.NativeMethodAccessorImpl.invoke(NativeMethodAccessorImpl.java:62)
	at sun.reflect.DelegatingMethodAccessorImpl.invoke(DelegatingMethodAccessorImpl.java:43)
	at java.lang.reflect.Method.invoke(Method.java:498)
	at org.gradle.internal.dispatch.ReflectionDispatch.dispatch(ReflectionDispatch.java:36)
	at org.gradle.internal.dispatch.ReflectionDispatch.dispatch(ReflectionDispatch.java:24)
	at org.gradle.internal.dispatch.ContextClassLoaderDispatch.dispatch(ContextClassLoaderDispatch.java:33)
	at org.gradle.internal.dispatch.ProxyDispatchAdapter$DispatchingInvocationHandler.invoke(ProxyDispatchAdapter.java:94)
	at com.sun.proxy.$Proxy2.stop(Unknown Source)
	at org.gradle.api.internal.tasks.testing.worker.TestWorker$3.run(TestWorker.java:193)
	at org.gradle.api.internal.tasks.testing.worker.TestWorker.executeAndMaintainThreadName(TestWorker.java:129)
	at org.gradle.api.internal.tasks.testing.worker.TestWorker.execute(TestWorker.java:100)
	at org.gradle.api.internal.tasks.testing.worker.TestWorker.execute(TestWorker.java:60)
	at org.gradle.process.internal.worker.child.ActionExecutionWorker.execute(ActionExecutionWorker.java:56)
	at org.gradle.process.internal.worker.child.SystemApplicationClassLoaderWorker.call(SystemApplicationClassLoaderWorker.java:133)
	at org.gradle.process.internal.worker.child.SystemApplicationClassLoaderWorker.call(SystemApplicationClassLoaderWorker.java:71)
	at worker.org.gradle.process.internal.worker.GradleWorkerMain.run(GradleWorkerMain.java:69)
	at worker.org.gradle.process.internal.worker.GradleWorkerMain.main(GradleWorkerMain.java:74)
</failure>
  </testcase>
  <testcase name="Р’ РїРѕРёСЃРєРѕРІРѕР№ РІС‹РґР°С‡Рµ РїРѕ Р·Р°РїСЂРѕСЃСѓ palit rtx РґРѕР»Р¶РµРЅС‹ РѕС‚РѕР±СЂР°Р¶Р°С‚СЊСЃСЏ СЂРµР·СѓР»СЊС‚Р°С‚С‹ СЃРѕРґРµСЂР¶Р°С‰РёРµ Р’РёРґРµРѕРєР°СЂС‚Р° Palit GeForce RTX" classname="ParametrizedTest" time="10.815">
    <failure message="Element should have text &quot;Р’РёРґРµРѕРєР°СЂС‚Р° Palit GeForce RTX&quot; {.products-list }&#13;&#10;Element: '&lt;div class=&quot;products-list &quot;&gt;Видеокарта Palit GeForce RTX 4070 Ti GameRock Classic [NED407T019K9-1046G] [PCI-E 4.0 12 ГБ GDDR6X, 192 бит, DisplayPort x3, HDMI, GPU 2310 МГц]&#10;Сравнить&#10;266&#10;99,25&#10; 70&#10;82 999 ₽&#10;Требуется предоплата&#10;Купить&#10;В наличии: в 2 магазинах&#10;Доставим на дом: завтра&#10;Видеокарта Palit GeForce RTX 3070 Ti GamingPro [NED307T019P2-1046A] [PCI-E 4.0 8 ГБ GDDR6X, 256 бит, DisplayPort x3, HDMI, GPU 1575 МГц]&#10;Сравнить&#10;1.2k&#10;98,16&#10; 101&#10;59 999 ₽&#10;от 5 849 ₽/ мес.&#10;Купить&#10;В наличии: в 5 магазинах&#10;Доставим на дом: завтра&#10;Видеокарта Palit GeForce RTX 3060 Dual (LHR) [NE63060019K9-190AD] [PCI-E 4.0 12 ГБ GDDR6, 192 бит, DisplayPort x3, HDMI, GPU 1320 МГц]&#10;Сравнить&#10;929&#10;98,29&#10; 72&#10;30 999 ₽&#10;от 3 022 ₽/ мес.&#10;Купить&#10;В магазинах: послезавтра&#10;Доставим на дом: послезавтра&#10;Видеокарта Palit GeForce RTX 4070 Ti GameRock Classic OC [NED407TH19K9-1046G] [PCI-E 4.0 12 ГБ GDDR6X, 192 бит, DisplayPort x3, HDMI, GPU 2310 МГц]&#10;Сравнить&#10;198&#10;98,62&#10; 50&#10;87 999 ₽&#10;Требуется предоплата&#10;Купить&#10;В магазинах: послезавтра&#10;Доставим на дом: послезавтра&#10;Видеокарта Palit GeForce RTX 4080 GameRock [NED4080019T2-1030G] [PCI-E 4.0 16 ГБ GDDR6X, 256 бит, DisplayPort x3, HDMI, GPU 2210 МГц]&#10;185&#10;99,39&#10; 27&#10;105 499 ₽&#10;от 10 284 ₽/ мес.&#10;Купить&#10;В магазинах: послезавтра&#10;Доставим на дом: послезавтра&#10;Видеокарта Palit GeForce RTX 4090 GameRock OmniBlack [NED4090019SB-1020Q] [PCI-E 4.0 24 ГБ GDDR6X, 384 бит, DisplayPort x3, HDMI, GPU 2235 МГц]&#10;138&#10;99,71&#10; 21&#10;145 999 ₽&#10;от 14 232 ₽/ мес.&#10;Купить&#10;В наличии: в 2 магазинах&#10;Доставим на дом: завтра&#10;Видеокарта Palit GeForce RTX 4070 Ti GamingPro OC [NED407TT19K9-1043A] [PCI-E 4.0 12 ГБ GDDR6X, 192 бит, DisplayPort x3, HDMI, GPU 2310 МГц]&#10;69&#10;99,64&#10; 10&#10;77 999 ₽&#10;от 7 604 ₽/ мес.&#10;Купить&#10;В наличии: в 1 магазине&#10;Доставим на дом: завтра&#10;Видеокарта Palit GeForce RTX 4090 GameRock OC [NED4090S19SB-1020G] [PCI-E 4.0 24 ГБ GDDR6X, 384 бит, DisplayPort x3, HDMI, GPU 2235 МГц]&#10;99&#10;99,54&#10; 6&#10;149 499 ₽&#10;от 14 573 ₽/ мес.&#10;Купить&#10;В наличии: в 1 магазине&#10;Доставим на дом: завтра&#10;Видеокарта Palit GeForce RTX 4080 GameRock OmniBlack [NED4080019T2-1030Q] [PCI-E 4.0 16 ГБ GDDR6X, 256 бит, DisplayPort x3, HDMI, GPU 2210 МГц]&#10;190&#10;98,71&#10; 36&#10;106 999 ₽&#10;от 10 430 ₽/ мес.&#10;Купить&#10;В наличии: в 3 магазинах&#10;Доставим на дом: завтра&#10;Видеокарта Palit GeForce RTX 4080 GamingPro [NED4080019T2-1032A] [PCI-E 4.0 16 ГБ GDDR6X, 256 бит, DisplayPort x3, HDMI, GPU 2205 МГц]&#10;93&#10;99,77&#10; 10&#10;101 499 ₽&#10;от 9 894 ₽/ мес.&#10;Купить&#10;В наличии: в 2 магазинах&#10;Доставим на дом: завтра&#10;Видеокарта Palit GeForce RTX 4070 Ti GameRock OC [NED407TU19K9-1045G] [PCI-E 4.0 12 ГБ GDDR6X, 192 бит, DisplayPort x3, HDMI, GPU 2310 МГц]&#10;47&#10;100&#10; 9&#10;82 499 ₽&#10;от 8 042 ₽/ мес.&#10;Купить&#10;В наличии: в 3 магазинах&#10;Доставим на дом: завтра&#10;Видеокарта Palit GeForce RTX 4080 GamingPro OC [NED4080T19T2-1032A] [PCI-E 4.0 16 ГБ GDDR6X, 256 бит, DisplayPort x3, HDMI, GPU 2205 МГц]&#10;73&#10;99,38&#10; 5&#10;99 999 ₽&#10;от 9 748 ₽/ мес.&#10;Купить&#10;В наличии: в 3 магазинах&#10;Доставим на дом: завтра&#10;Видеокарта Palit GeForce RTX 4090 GameRock [NED4090019SB-1020G] [PCI-E 4.0 24 ГБ GDDR6X, 384 бит, DisplayPort x3, HDMI, GPU 2235 МГц]&#10;55&#10;98,81&#10; 14&#10;147 499 ₽&#10;от 14 379 ₽/ мес.&#10;Купить&#10;В наличии: в 1 магазине&#10;Доставим на дом: завтра&#10;Видеокарта Palit GeForce RTX 4080 GameRock OC [NED4080S19T2-1030G] [PCI-E 4.0 16 ГБ GDDR6X, 256 бит, DisplayPort x3, HDMI, GPU 2210 МГц]&#10;159&#10;99,13&#10; 26&#10;110 999 ₽&#10;от 10 820 ₽/ мес.&#10;Купить&#10;В наличии: в 2 магазинах&#10;Доставим на дом: завтра&#10;Видеокарта Palit GeForce RTX 2060 SUPER Dual [NE6206S018P2-1160X-1] [PCI-E 3.0 8 ГБ GDDR6, 256 бит, DisplayPort, DVI-D, HDMI, GPU 1470 МГц]&#10;192&#10;99,58&#10; 19&#10;29 999 ₽&#10;от 2 924 ₽/ мес.&#10;Купить&#10;В наличии: в 4 магазинах&#10;Доставим на дом: завтра&#10;Видеокарта Palit GeForce RTX 3060 Ti Dual V1 (LHR) [NE6306T019P2-190AD] [PCI-E 4.0 8 ГБ GDDR6, 256 бит, DisplayPort x3, HDMI, GPU 1410 МГц]&#10;765&#10;92,65&#10; 63&#10;41 499 ₽&#10;от 4 045 ₽/ мес.&#10;Купить&#10;В наличии: в 4 магазинах&#10;Доставим на дом: завтра&#10;Видеокарта Palit GeForce RTX 3060 Ti Dual OC V1 (LHR) [NE6306TS19P2-190AD] [PCI-E 4.0 8 ГБ GDDR6, 256 бит, DisplayPort x3, HDMI, GPU 1410 МГц]&#10;427&#10;93,60&#10; 40&#10;39 999 ₽&#10;от 3 899 ₽/ мес.&#10;Купить&#10;В наличии: в 6 магазинах&#10;Доставим на дом: завтра&#10;Видеокарта Palit GeForce RTX 3070 JetStream OC (LHR) [NE63070T19P2-1040J] [PCI-E 4.0 8 ГБ GDDR6, 256 бит, DisplayPort x3, HDMI, GPU 1500 МГц]&#10;137&#10;98,78&#10; 6&#10;51 999 ₽&#10;от 5 069 ₽/ мес.&#10;Купить&#10;В магазинах: 13 апреля (чт)&#10;Доставим на дом: 13 апреля (чт)&#10;Показать ещё&#10;1&#10;2&lt;/div&gt;'&#13;&#10;Actual value: text=&quot;Видеокарта Palit GeForce RTX 4070 Ti GameRock Classic [NED407T019K9-1046G] [PCI-E 4.0 12 ГБ GDDR6X, 192 бит, DisplayPort x3, HDMI, GPU 2310 МГц]&#10;Сравнить&#10;266&#10;99,25&#10; 70&#10;82 999 ₽&#10;Требуется предоплата&#10;Купить&#10;В наличии: в 2 магазинах&#10;Доставим на дом: завтра&#10;Видеокарта Palit GeForce RTX 3070 Ti GamingPro [NED307T019P2-1046A] [PCI-E 4.0 8 ГБ GDDR6X, 256 бит, DisplayPort x3, HDMI, GPU 1575 МГц]&#10;Сравнить&#10;1.2k&#10;98,16&#10; 101&#10;59 999 ₽&#10;от 5 849 ₽/ мес.&#10;Купить&#10;В наличии: в 5 магазинах&#10;Доставим на дом: завтра&#10;Видеокарта Palit GeForce RTX 3060 Dual (LHR) [NE63060019K9-190AD] [PCI-E 4.0 12 ГБ GDDR6, 192 бит, DisplayPort x3, HDMI, GPU 1320 МГц]&#10;Сравнить&#10;929&#10;98,29&#10; 72&#10;30 999 ₽&#10;от 3 022 ₽/ мес.&#10;Купить&#10;В магазинах: послезавтра&#10;Доставим на дом: послезавтра&#10;Видеокарта Palit GeForce RTX 4070 Ti GameRock Classic OC [NED407TH19K9-1046G] [PCI-E 4.0 12 ГБ GDDR6X, 192 бит, DisplayPort x3, HDMI, GPU 2310 МГц]&#10;Сравнить&#10;198&#10;98,62&#10; 50&#10;87 999 ₽&#10;Требуется предоплата&#10;Купить&#10;В магазинах: послезавтра&#10;Доставим на дом: послезавтра&#10;Видеокарта Palit GeForce RTX 4080 GameRock [NED4080019T2-1030G] [PCI-E 4.0 16 ГБ GDDR6X, 256 бит, DisplayPort x3, HDMI, GPU 2210 МГц]&#10;185&#10;99,39&#10; 27&#10;105 499 ₽&#10;от 10 284 ₽/ мес.&#10;Купить&#10;В магазинах: послезавтра&#10;Доставим на дом: послезавтра&#10;Видеокарта Palit GeForce RTX 4090 GameRock OmniBlack [NED4090019SB-1020Q] [PCI-E 4.0 24 ГБ GDDR6X, 384 бит, DisplayPort x3, HDMI, GPU 2235 МГц]&#10;138&#10;99,71&#10; 21&#10;145 999 ₽&#10;от 14 232 ₽/ мес.&#10;Купить&#10;В наличии: в 2 магазинах&#10;Доставим на дом: завтра&#10;Видеокарта Palit GeForce RTX 4070 Ti GamingPro OC [NED407TT19K9-1043A] [PCI-E 4.0 12 ГБ GDDR6X, 192 бит, DisplayPort x3, HDMI, GPU 2310 МГц]&#10;69&#10;99,64&#10; 10&#10;77 999 ₽&#10;от 7 604 ₽/ мес.&#10;Купить&#10;В наличии: в 1 магазине&#10;Доставим на дом: завтра&#10;Видеокарта Palit GeForce RTX 4090 GameRock OC [NED4090S19SB-1020G] [PCI-E 4.0 24 ГБ GDDR6X, 384 бит, DisplayPort x3, HDMI, GPU 2235 МГц]&#10;99&#10;99,54&#10; 6&#10;149 499 ₽&#10;от 14 573 ₽/ мес.&#10;Купить&#10;В наличии: в 1 магазине&#10;Доставим на дом: завтра&#10;Видеокарта Palit GeForce RTX 4080 GameRock OmniBlack [NED4080019T2-1030Q] [PCI-E 4.0 16 ГБ GDDR6X, 256 бит, DisplayPort x3, HDMI, GPU 2210 МГц]&#10;190&#10;98,71&#10; 36&#10;106 999 ₽&#10;от 10 430 ₽/ мес.&#10;Купить&#10;В наличии: в 3 магазинах&#10;Доставим на дом: завтра&#10;Видеокарта Palit GeForce RTX 4080 GamingPro [NED4080019T2-1032A] [PCI-E 4.0 16 ГБ GDDR6X, 256 бит, DisplayPort x3, HDMI, GPU 2205 МГц]&#10;93&#10;99,77&#10; 10&#10;101 499 ₽&#10;от 9 894 ₽/ мес.&#10;Купить&#10;В наличии: в 2 магазинах&#10;Доставим на дом: завтра&#10;Видеокарта Palit GeForce RTX 4070 Ti GameRock OC [NED407TU19K9-1045G] [PCI-E 4.0 12 ГБ GDDR6X, 192 бит, DisplayPort x3, HDMI, GPU 2310 МГц]&#10;47&#10;100&#10; 9&#10;82 499 ₽&#10;от 8 042 ₽/ мес.&#10;Купить&#10;В наличии: в 3 магазинах&#10;Доставим на дом: завтра&#10;Видеокарта Palit GeForce RTX 4080 GamingPro OC [NED4080T19T2-1032A] [PCI-E 4.0 16 ГБ GDDR6X, 256 бит, DisplayPort x3, HDMI, GPU 2205 МГц]&#10;73&#10;99,38&#10; 5&#10;99 999 ₽&#10;от 9 748 ₽/ мес.&#10;Купить&#10;В наличии: в 3 магазинах&#10;Доставим на дом: завтра&#10;Видеокарта Palit GeForce RTX 4090 GameRock [NED4090019SB-1020G] [PCI-E 4.0 24 ГБ GDDR6X, 384 бит, DisplayPort x3, HDMI, GPU 2235 МГц]&#10;55&#10;98,81&#10; 14&#10;147 499 ₽&#10;от 14 379 ₽/ мес.&#10;Купить&#10;В наличии: в 1 магазине&#10;Доставим на дом: завтра&#10;Видеокарта Palit GeForce RTX 4080 GameRock OC [NED4080S19T2-1030G] [PCI-E 4.0 16 ГБ GDDR6X, 256 бит, DisplayPort x3, HDMI, GPU 2210 МГц]&#10;159&#10;99,13&#10; 26&#10;110 999 ₽&#10;от 10 820 ₽/ мес.&#10;Купить&#10;В наличии: в 2 магазинах&#10;Доставим на дом: завтра&#10;Видеокарта Palit GeForce RTX 2060 SUPER Dual [NE6206S018P2-1160X-1] [PCI-E 3.0 8 ГБ GDDR6, 256 бит, DisplayPort, DVI-D, HDMI, GPU 1470 МГц]&#10;192&#10;99,58&#10; 19&#10;29 999 ₽&#10;от 2 924 ₽/ мес.&#10;Купить&#10;В наличии: в 4 магазинах&#10;Доставим на дом: завтра&#10;Видеокарта Palit GeForce RTX 3060 Ti Dual V1 (LHR) [NE6306T019P2-190AD] [PCI-E 4.0 8 ГБ GDDR6, 256 бит, DisplayPort x3, HDMI, GPU 1410 МГц]&#10;765&#10;92,65&#10; 63&#10;41 499 ₽&#10;от 4 045 ₽/ мес.&#10;Купить&#10;В наличии: в 4 магазинах&#10;Доставим на дом: завтра&#10;Видеокарта Palit GeForce RTX 3060 Ti Dual OC V1 (LHR) [NE6306TS19P2-190AD] [PCI-E 4.0 8 ГБ GDDR6, 256 бит, DisplayPort x3, HDMI, GPU 1410 МГц]&#10;427&#10;93,60&#10; 40&#10;39 999 ₽&#10;от 3 899 ₽/ мес.&#10;Купить&#10;В наличии: в 6 магазинах&#10;Доставим на дом: завтра&#10;Видеокарта Palit GeForce RTX 3070 JetStream OC (LHR) [NE63070T19P2-1040J] [PCI-E 4.0 8 ГБ GDDR6, 256 бит, DisplayPort x3, HDMI, GPU 1500 МГц]&#10;137&#10;98,78&#10; 6&#10;51 999 ₽&#10;от 5 069 ₽/ мес.&#10;Купить&#10;В магазинах: 13 апреля (чт)&#10;Доставим на дом: 13 апреля (чт)&#10;Показать ещё&#10;1&#10;2&quot;&#13;&#10;Screenshot: file:/C:/Users/musku/IdeaProjects/DNS_Search/build/reports/tests/1680872251827.1.png&#13;&#10;Page source: file:/C:/Users/musku/IdeaProjects/DNS_Search/build/reports/tests/1680872251827.1.html&#13;&#10;Timeout: 4 s." type="com.codeborne.selenide.ex.ElementShould">Element should have text &quot;Р’РёРґРµРѕРєР°СЂС‚Р° Palit GeForce RTX&quot; {.products-list }
Element: '&lt;div class=&quot;products-list &quot;&gt;Видеокарта Palit GeForce RTX 4070 Ti GameRock Classic [NED407T019K9-1046G] [PCI-E 4.0 12 ГБ GDDR6X, 192 бит, DisplayPort x3, HDMI, GPU 2310 МГц]
Сравнить
266
99,25
 70
82 999 ₽
Требуется предоплата
Купить
В наличии: в 2 магазинах
Доставим на дом: завтра
Видеокарта Palit GeForce RTX 3070 Ti GamingPro [NED307T019P2-1046A] [PCI-E 4.0 8 ГБ GDDR6X, 256 бит, DisplayPort x3, HDMI, GPU 1575 МГц]
Сравнить
1.2k
98,16
 101
59 999 ₽
от 5 849 ₽/ мес.
Купить
В наличии: в 5 магазинах
Доставим на дом: завтра
Видеокарта Palit GeForce RTX 3060 Dual (LHR) [NE63060019K9-190AD] [PCI-E 4.0 12 ГБ GDDR6, 192 бит, DisplayPort x3, HDMI, GPU 1320 МГц]
Сравнить
929
98,29
 72
30 999 ₽
от 3 022 ₽/ мес.
Купить
В магазинах: послезавтра
Доставим на дом: послезавтра
Видеокарта Palit GeForce RTX 4070 Ti GameRock Classic OC [NED407TH19K9-1046G] [PCI-E 4.0 12 ГБ GDDR6X, 192 бит, DisplayPort x3, HDMI, GPU 2310 МГц]
Сравнить
198
98,62
 50
87 999 ₽
Требуется предоплата
Купить
В магазинах: послезавтра
Доставим на дом: послезавтра
Видеокарта Palit GeForce RTX 4080 GameRock [NED4080019T2-1030G] [PCI-E 4.0 16 ГБ GDDR6X, 256 бит, DisplayPort x3, HDMI, GPU 2210 МГц]
185
99,39
 27
105 499 ₽
от 10 284 ₽/ мес.
Купить
В магазинах: послезавтра
Доставим на дом: послезавтра
Видеокарта Palit GeForce RTX 4090 GameRock OmniBlack [NED4090019SB-1020Q] [PCI-E 4.0 24 ГБ GDDR6X, 384 бит, DisplayPort x3, HDMI, GPU 2235 МГц]
138
99,71
 21
145 999 ₽
от 14 232 ₽/ мес.
Купить
В наличии: в 2 магазинах
Доставим на дом: завтра
Видеокарта Palit GeForce RTX 4070 Ti GamingPro OC [NED407TT19K9-1043A] [PCI-E 4.0 12 ГБ GDDR6X, 192 бит, DisplayPort x3, HDMI, GPU 2310 МГц]
69
99,64
 10
77 999 ₽
от 7 604 ₽/ мес.
Купить
В наличии: в 1 магазине
Доставим на дом: завтра
Видеокарта Palit GeForce RTX 4090 GameRock OC [NED4090S19SB-1020G] [PCI-E 4.0 24 ГБ GDDR6X, 384 бит, DisplayPort x3, HDMI, GPU 2235 МГц]
99
99,54
 6
149 499 ₽
от 14 573 ₽/ мес.
Купить
В наличии: в 1 магазине
Доставим на дом: завтра
Видеокарта Palit GeForce RTX 4080 GameRock OmniBlack [NED4080019T2-1030Q] [PCI-E 4.0 16 ГБ GDDR6X, 256 бит, DisplayPort x3, HDMI, GPU 2210 МГц]
190
98,71
 36
106 999 ₽
от 10 430 ₽/ мес.
Купить
В наличии: в 3 магазинах
Доставим на дом: завтра
Видеокарта Palit GeForce RTX 4080 GamingPro [NED4080019T2-1032A] [PCI-E 4.0 16 ГБ GDDR6X, 256 бит, DisplayPort x3, HDMI, GPU 2205 МГц]
93
99,77
 10
101 499 ₽
от 9 894 ₽/ мес.
Купить
В наличии: в 2 магазинах
Доставим на дом: завтра
Видеокарта Palit GeForce RTX 4070 Ti GameRock OC [NED407TU19K9-1045G] [PCI-E 4.0 12 ГБ GDDR6X, 192 бит, DisplayPort x3, HDMI, GPU 2310 МГц]
47
100
 9
82 499 ₽
от 8 042 ₽/ мес.
Купить
В наличии: в 3 магазинах
Доставим на дом: завтра
Видеокарта Palit GeForce RTX 4080 GamingPro OC [NED4080T19T2-1032A] [PCI-E 4.0 16 ГБ GDDR6X, 256 бит, DisplayPort x3, HDMI, GPU 2205 МГц]
73
99,38
 5
99 999 ₽
от 9 748 ₽/ мес.
Купить
В наличии: в 3 магазинах
Доставим на дом: завтра
Видеокарта Palit GeForce RTX 4090 GameRock [NED4090019SB-1020G] [PCI-E 4.0 24 ГБ GDDR6X, 384 бит, DisplayPort x3, HDMI, GPU 2235 МГц]
55
98,81
 14
147 499 ₽
от 14 379 ₽/ мес.
Купить
В наличии: в 1 магазине
Доставим на дом: завтра
Видеокарта Palit GeForce RTX 4080 GameRock OC [NED4080S19T2-1030G] [PCI-E 4.0 16 ГБ GDDR6X, 256 бит, DisplayPort x3, HDMI, GPU 2210 МГц]
159
99,13
 26
110 999 ₽
от 10 820 ₽/ мес.
Купить
В наличии: в 2 магазинах
Доставим на дом: завтра
Видеокарта Palit GeForce RTX 2060 SUPER Dual [NE6206S018P2-1160X-1] [PCI-E 3.0 8 ГБ GDDR6, 256 бит, DisplayPort, DVI-D, HDMI, GPU 1470 МГц]
192
99,58
 19
29 999 ₽
от 2 924 ₽/ мес.
Купить
В наличии: в 4 магазинах
Доставим на дом: завтра
Видеокарта Palit GeForce RTX 3060 Ti Dual V1 (LHR) [NE6306T019P2-190AD] [PCI-E 4.0 8 ГБ GDDR6, 256 бит, DisplayPort x3, HDMI, GPU 1410 МГц]
765
92,65
 63
41 499 ₽
от 4 045 ₽/ мес.
Купить
В наличии: в 4 магазинах
Доставим на дом: завтра
Видеокарта Palit GeForce RTX 3060 Ti Dual OC V1 (LHR) [NE6306TS19P2-190AD] [PCI-E 4.0 8 ГБ GDDR6, 256 бит, DisplayPort x3, HDMI, GPU 1410 МГц]
427
93,60
 40
39 999 ₽
от 3 899 ₽/ мес.
Купить
В наличии: в 6 магазинах
Доставим на дом: завтра
Видеокарта Palit GeForce RTX 3070 JetStream OC (LHR) [NE63070T19P2-1040J] [PCI-E 4.0 8 ГБ GDDR6, 256 бит, DisplayPort x3, HDMI, GPU 1500 МГц]
137
98,78
 6
51 999 ₽
от 5 069 ₽/ мес.
Купить
В магазинах: 13 апреля (чт)
Доставим на дом: 13 апреля (чт)
Показать ещё
1
2&lt;/div&gt;'
Actual value: text=&quot;Видеокарта Palit GeForce RTX 4070 Ti GameRock Classic [NED407T019K9-1046G] [PCI-E 4.0 12 ГБ GDDR6X, 192 бит, DisplayPort x3, HDMI, GPU 2310 МГц]
Сравнить
266
99,25
 70
82 999 ₽
Требуется предоплата
Купить
В наличии: в 2 магазинах
Доставим на дом: завтра
Видеокарта Palit GeForce RTX 3070 Ti GamingPro [NED307T019P2-1046A] [PCI-E 4.0 8 ГБ GDDR6X, 256 бит, DisplayPort x3, HDMI, GPU 1575 МГц]
Сравнить
1.2k
98,16
 101
59 999 ₽
от 5 849 ₽/ мес.
Купить
В наличии: в 5 магазинах
Доставим на дом: завтра
Видеокарта Palit GeForce RTX 3060 Dual (LHR) [NE63060019K9-190AD] [PCI-E 4.0 12 ГБ GDDR6, 192 бит, DisplayPort x3, HDMI, GPU 1320 МГц]
Сравнить
929
98,29
 72
30 999 ₽
от 3 022 ₽/ мес.
Купить
В магазинах: послезавтра
Доставим на дом: послезавтра
Видеокарта Palit GeForce RTX 4070 Ti GameRock Classic OC [NED407TH19K9-1046G] [PCI-E 4.0 12 ГБ GDDR6X, 192 бит, DisplayPort x3, HDMI, GPU 2310 МГц]
Сравнить
198
98,62
 50
87 999 ₽
Требуется предоплата
Купить
В магазинах: послезавтра
Доставим на дом: послезавтра
Видеокарта Palit GeForce RTX 4080 GameRock [NED4080019T2-1030G] [PCI-E 4.0 16 ГБ GDDR6X, 256 бит, DisplayPort x3, HDMI, GPU 2210 МГц]
185
99,39
 27
105 499 ₽
от 10 284 ₽/ мес.
Купить
В магазинах: послезавтра
Доставим на дом: послезавтра
Видеокарта Palit GeForce RTX 4090 GameRock OmniBlack [NED4090019SB-1020Q] [PCI-E 4.0 24 ГБ GDDR6X, 384 бит, DisplayPort x3, HDMI, GPU 2235 МГц]
138
99,71
 21
145 999 ₽
от 14 232 ₽/ мес.
Купить
В наличии: в 2 магазинах
Доставим на дом: завтра
Видеокарта Palit GeForce RTX 4070 Ti GamingPro OC [NED407TT19K9-1043A] [PCI-E 4.0 12 ГБ GDDR6X, 192 бит, DisplayPort x3, HDMI, GPU 2310 МГц]
69
99,64
 10
77 999 ₽
от 7 604 ₽/ мес.
Купить
В наличии: в 1 магазине
Доставим на дом: завтра
Видеокарта Palit GeForce RTX 4090 GameRock OC [NED4090S19SB-1020G] [PCI-E 4.0 24 ГБ GDDR6X, 384 бит, DisplayPort x3, HDMI, GPU 2235 МГц]
99
99,54
 6
149 499 ₽
от 14 573 ₽/ мес.
Купить
В наличии: в 1 магазине
Доставим на дом: завтра
Видеокарта Palit GeForce RTX 4080 GameRock OmniBlack [NED4080019T2-1030Q] [PCI-E 4.0 16 ГБ GDDR6X, 256 бит, DisplayPort x3, HDMI, GPU 2210 МГц]
190
98,71
 36
106 999 ₽
от 10 430 ₽/ мес.
Купить
В наличии: в 3 магазинах
Доставим на дом: завтра
Видеокарта Palit GeForce RTX 4080 GamingPro [NED4080019T2-1032A] [PCI-E 4.0 16 ГБ GDDR6X, 256 бит, DisplayPort x3, HDMI, GPU 2205 МГц]
93
99,77
 10
101 499 ₽
от 9 894 ₽/ мес.
Купить
В наличии: в 2 магазинах
Доставим на дом: завтра
Видеокарта Palit GeForce RTX 4070 Ti GameRock OC [NED407TU19K9-1045G] [PCI-E 4.0 12 ГБ GDDR6X, 192 бит, DisplayPort x3, HDMI, GPU 2310 МГц]
47
100
 9
82 499 ₽
от 8 042 ₽/ мес.
Купить
В наличии: в 3 магазинах
Доставим на дом: завтра
Видеокарта Palit GeForce RTX 4080 GamingPro OC [NED4080T19T2-1032A] [PCI-E 4.0 16 ГБ GDDR6X, 256 бит, DisplayPort x3, HDMI, GPU 2205 МГц]
73
99,38
 5
99 999 ₽
от 9 748 ₽/ мес.
Купить
В наличии: в 3 магазинах
Доставим на дом: завтра
Видеокарта Palit GeForce RTX 4090 GameRock [NED4090019SB-1020G] [PCI-E 4.0 24 ГБ GDDR6X, 384 бит, DisplayPort x3, HDMI, GPU 2235 МГц]
55
98,81
 14
147 499 ₽
от 14 379 ₽/ мес.
Купить
В наличии: в 1 магазине
Доставим на дом: завтра
Видеокарта Palit GeForce RTX 4080 GameRock OC [NED4080S19T2-1030G] [PCI-E 4.0 16 ГБ GDDR6X, 256 бит, DisplayPort x3, HDMI, GPU 2210 МГц]
159
99,13
 26
110 999 ₽
от 10 820 ₽/ мес.
Купить
В наличии: в 2 магазинах
Доставим на дом: завтра
Видеокарта Palit GeForce RTX 2060 SUPER Dual [NE6206S018P2-1160X-1] [PCI-E 3.0 8 ГБ GDDR6, 256 бит, DisplayPort, DVI-D, HDMI, GPU 1470 МГц]
192
99,58
 19
29 999 ₽
от 2 924 ₽/ мес.
Купить
В наличии: в 4 магазинах
Доставим на дом: завтра
Видеокарта Palit GeForce RTX 3060 Ti Dual V1 (LHR) [NE6306T019P2-190AD] [PCI-E 4.0 8 ГБ GDDR6, 256 бит, DisplayPort x3, HDMI, GPU 1410 МГц]
765
92,65
 63
41 499 ₽
от 4 045 ₽/ мес.
Купить
В наличии: в 4 магазинах
Доставим на дом: завтра
Видеокарта Palit GeForce RTX 3060 Ti Dual OC V1 (LHR) [NE6306TS19P2-190AD] [PCI-E 4.0 8 ГБ GDDR6, 256 бит, DisplayPort x3, HDMI, GPU 1410 МГц]
427
93,60
 40
39 999 ₽
от 3 899 ₽/ мес.
Купить
В наличии: в 6 магазинах
Доставим на дом: завтра
Видеокарта Palit GeForce RTX 3070 JetStream OC (LHR) [NE63070T19P2-1040J] [PCI-E 4.0 8 ГБ GDDR6, 256 бит, DisplayPort x3, HDMI, GPU 1500 МГц]
137
98,78
 6
51 999 ₽
от 5 069 ₽/ мес.
Купить
В магазинах: 13 апреля (чт)
Доставим на дом: 13 апреля (чт)
Показать ещё
1
2&quot;
Screenshot: file:/C:/Users/musku/IdeaProjects/DNS_Search/build/reports/tests/1680872251827.1.png
Page source: file:/C:/Users/musku/IdeaProjects/DNS_Search/build/reports/tests/1680872251827.1.html
Timeout: 4 s.
	at com.codeborne.selenide.impl.WebElementSource.handleError(WebElementSource.java:146)
	at com.codeborne.selenide.impl.WebElementSource.checkConditionAndReturnElement(WebElementSource.java:124)
	at com.codeborne.selenide.impl.WebElementSource.checkCondition(WebElementSource.java:101)
	at com.codeborne.selenide.commands.Should.execute(Should.java:30)
	at com.codeborne.selenide.commands.Should.execute(Should.java:14)
	at com.codeborne.selenide.commands.Commands.execute(Commands.java:159)
	at com.codeborne.selenide.impl.SelenideElementProxy.dispatchAndRetry(SelenideElementProxy.java:132)
	at com.codeborne.selenide.impl.SelenideElementProxy.invoke(SelenideElementProxy.java:84)
	at com.sun.proxy.$Proxy23.shouldHave(Unknown Source)
	at ParametrizedTest.SearchResultsShouldContainExpectedNames(ParametrizedTest.java:58)
	at sun.reflect.NativeMethodAccessorImpl.invoke0(Native Method)
	at sun.reflect.NativeMethodAccessorImpl.invoke(NativeMethodAccessorImpl.java:62)
	at sun.reflect.DelegatingMethodAccessorImpl.invoke(DelegatingMethodAccessorImpl.java:43)
	at java.lang.reflect.Method.invoke(Method.java:498)
	at org.junit.platform.commons.util.ReflectionUtils.invokeMethod(ReflectionUtils.java:727)
	at org.junit.jupiter.engine.execution.MethodInvocation.proceed(MethodInvocation.java:60)
	at org.junit.jupiter.engine.execution.InvocationInterceptorChain$ValidatingInvocation.proceed(InvocationInterceptorChain.java:131)
	at org.junit.jupiter.engine.extension.TimeoutExtension.intercept(TimeoutExtension.java:156)
	at org.junit.jupiter.engine.extension.TimeoutExtension.interceptTestableMethod(TimeoutExtension.java:147)
	at org.junit.jupiter.engine.extension.TimeoutExtension.interceptTestTemplateMethod(TimeoutExtension.java:94)
	at org.junit.jupiter.engine.execution.InterceptingExecutableInvoker$ReflectiveInterceptorCall.lambda$ofVoidMethod$0(InterceptingExecutableInvoker.java:103)
	at org.junit.jupiter.engine.execution.InterceptingExecutableInvoker.lambda$invoke$0(InterceptingExecutableInvoker.java:93)
	at org.junit.jupiter.engine.execution.InvocationInterceptorChain$InterceptedInvocation.proceed(InvocationInterceptorChain.java:106)
	at org.junit.jupiter.engine.execution.InvocationInterceptorChain.proceed(InvocationInterceptorChain.java:64)
	at org.junit.jupiter.engine.execution.InvocationInterceptorChain.chainAndInvoke(InvocationInterceptorChain.java:45)
	at org.junit.jupiter.engine.execution.InvocationInterceptorChain.invoke(InvocationInterceptorChain.java:37)
	at org.junit.jupiter.engine.execution.InterceptingExecutableInvoker.invoke(InterceptingExecutableInvoker.java:92)
	at org.junit.jupiter.engine.execution.InterceptingExecutableInvoker.invoke(InterceptingExecutableInvoker.java:86)
	at org.junit.jupiter.engine.descriptor.TestMethodTestDescriptor.lambda$invokeTestMethod$7(TestMethodTestDescriptor.java:217)
	at org.junit.platform.engine.support.hierarchical.ThrowableCollector.execute(ThrowableCollector.java:73)
	at org.junit.jupiter.engine.descriptor.TestMethodTestDescriptor.invokeTestMethod(TestMethodTestDescriptor.java:213)
	at org.junit.jupiter.engine.descriptor.TestMethodTestDescriptor.execute(TestMethodTestDescriptor.java:138)
	at org.junit.jupiter.engine.descriptor.TestMethodTestDescriptor.execute(TestMethodTestDescriptor.java:68)
	at org.junit.platform.engine.support.hierarchical.NodeTestTask.lambda$executeRecursively$6(NodeTestTask.java:151)
	at org.junit.platform.engine.support.hierarchical.ThrowableCollector.execute(ThrowableCollector.java:73)
	at org.junit.platform.engine.support.hierarchical.NodeTestTask.lambda$executeRecursively$8(NodeTestTask.java:141)
	at org.junit.platform.engine.support.hierarchical.Node.around(Node.java:137)
	at org.junit.platform.engine.support.hierarchical.NodeTestTask.lambda$executeRecursively$9(NodeTestTask.java:139)
	at org.junit.platform.engine.support.hierarchical.ThrowableCollector.execute(ThrowableCollector.java:73)
	at org.junit.platform.engine.support.hierarchical.NodeTestTask.executeRecursively(NodeTestTask.java:138)
	at org.junit.platform.engine.support.hierarchical.NodeTestTask.execute(NodeTestTask.java:95)
	at org.junit.platform.engine.support.hierarchical.SameThreadHierarchicalTestExecutorService.submit(SameThreadHierarchicalTestExecutorService.java:35)
	at org.junit.platform.engine.support.hierarchical.NodeTestTask$DefaultDynamicTestExecutor.execute(NodeTestTask.java:226)
	at org.junit.platform.engine.support.hierarchical.NodeTestTask$DefaultDynamicTestExecutor.execute(NodeTestTask.java:204)
	at org.junit.jupiter.engine.descriptor.TestTemplateTestDescriptor.execute(TestTemplateTestDescriptor.java:142)
	at org.junit.jupiter.engine.descriptor.TestTemplateTestDescriptor.lambda$execute$2(TestTemplateTestDescriptor.java:110)
	at java.util.stream.ForEachOps$ForEachOp$OfRef.accept(ForEachOps.java:183)
	at java.util.stream.ReferencePipeline$3$1.accept(ReferencePipeline.java:193)
	at java.util.stream.ReferencePipeline$2$1.accept(ReferencePipeline.java:175)
	at java.util.stream.ReferencePipeline$3$1.accept(ReferencePipeline.java:193)
	at java.util.stream.ForEachOps$ForEachOp$OfRef.accept(ForEachOps.java:183)
	at java.util.stream.ReferencePipeline$3$1.accept(ReferencePipeline.java:193)
	at java.util.stream.ReferencePipeline$3$1.accept(ReferencePipeline.java:193)
	at java.util.stream.ReferencePipeline$3$1.accept(ReferencePipeline.java:193)
	at java.util.stream.ForEachOps$ForEachOp$OfRef.accept(ForEachOps.java:183)
	at java.util.stream.ReferencePipeline$3$1.accept(ReferencePipeline.java:193)
	at java.util.Spliterators$ArraySpliterator.forEachRemaining(Spliterators.java:948)
	at java.util.stream.ReferencePipeline$Head.forEach(ReferencePipeline.java:647)
	at java.util.stream.ReferencePipeline$7$1.accept(ReferencePipeline.java:272)
	at java.util.stream.ReferencePipeline$3$1.accept(ReferencePipeline.java:193)
	at java.util.stream.ReferencePipeline$3$1.accept(ReferencePipeline.java:193)
	at java.util.Spliterators$ArraySpliterator.forEachRemaining(Spliterators.java:948)
	at java.util.stream.AbstractPipeline.copyInto(AbstractPipeline.java:482)
	at java.util.stream.AbstractPipeline.wrapAndCopyInto(AbstractPipeline.java:472)
	at java.util.stream.ForEachOps$ForEachOp.evaluateSequential(ForEachOps.java:150)
	at java.util.stream.ForEachOps$ForEachOp$OfRef.evaluateSequential(ForEachOps.java:173)
	at java.util.stream.AbstractPipeline.evaluate(AbstractPipeline.java:234)
	at java.util.stream.ReferencePipeline.forEach(ReferencePipeline.java:485)
	at java.util.stream.ReferencePipeline$7$1.accept(ReferencePipeline.java:272)
	at java.util.stream.ReferencePipeline$3$1.accept(ReferencePipeline.java:193)
	at java.util.stream.ReferencePipeline$3$1.accept(ReferencePipeline.java:193)
	at java.util.stream.ReferencePipeline$3$1.accept(ReferencePipeline.java:193)
	at java.util.ArrayList$ArrayListSpliterator.forEachRemaining(ArrayList.java:1384)
	at java.util.stream.AbstractPipeline.copyInto(AbstractPipeline.java:482)
	at java.util.stream.AbstractPipeline.wrapAndCopyInto(AbstractPipeline.java:472)
	at java.util.stream.ForEachOps$ForEachOp.evaluateSequential(ForEachOps.java:150)
	at java.util.stream.ForEachOps$ForEachOp$OfRef.evaluateSequential(ForEachOps.java:173)
	at java.util.stream.AbstractPipeline.evaluate(AbstractPipeline.java:234)
	at java.util.stream.ReferencePipeline.forEach(ReferencePipeline.java:485)
	at java.util.stream.ReferencePipeline$7$1.accept(ReferencePipeline.java:272)
	at java.util.ArrayList$ArrayListSpliterator.forEachRemaining(ArrayList.java:1384)
	at java.util.stream.AbstractPipeline.copyInto(AbstractPipeline.java:482)
	at java.util.stream.AbstractPipeline.wrapAndCopyInto(AbstractPipeline.java:472)
	at java.util.stream.ForEachOps$ForEachOp.evaluateSequential(ForEachOps.java:150)
	at java.util.stream.ForEachOps$ForEachOp$OfRef.evaluateSequential(ForEachOps.java:173)
	at java.util.stream.AbstractPipeline.evaluate(AbstractPipeline.java:234)
	at java.util.stream.ReferencePipeline.forEach(ReferencePipeline.java:485)
	at org.junit.jupiter.engine.descriptor.TestTemplateTestDescriptor.execute(TestTemplateTestDescriptor.java:110)
	at org.junit.jupiter.engine.descriptor.TestTemplateTestDescriptor.execute(TestTemplateTestDescriptor.java:44)
	at org.junit.platform.engine.support.hierarchical.NodeTestTask.lambda$executeRecursively$6(NodeTestTask.java:151)
	at org.junit.platform.engine.support.hierarchical.ThrowableCollector.execute(ThrowableCollector.java:73)
	at org.junit.platform.engine.support.hierarchical.NodeTestTask.lambda$executeRecursively$8(NodeTestTask.java:141)
	at org.junit.platform.engine.support.hierarchical.Node.around(Node.java:137)
	at org.junit.platform.engine.support.hierarchical.NodeTestTask.lambda$executeRecursively$9(NodeTestTask.java:139)
	at org.junit.platform.engine.support.hierarchical.ThrowableCollector.execute(ThrowableCollector.java:73)
	at org.junit.platform.engine.support.hierarchical.NodeTestTask.executeRecursively(NodeTestTask.java:138)
	at org.junit.platform.engine.support.hierarchical.NodeTestTask.execute(NodeTestTask.java:95)
	at java.util.ArrayList.forEach(ArrayList.java:1259)
	at org.junit.platform.engine.support.hierarchical.SameThreadHierarchicalTestExecutorService.invokeAll(SameThreadHierarchicalTestExecutorService.java:41)
	at org.junit.platform.engine.support.hierarchical.NodeTestTask.lambda$executeRecursively$6(NodeTestTask.java:155)
	at org.junit.platform.engine.support.hierarchical.ThrowableCollector.execute(ThrowableCollector.java:73)
	at org.junit.platform.engine.support.hierarchical.NodeTestTask.lambda$executeRecursively$8(NodeTestTask.java:141)
	at org.junit.platform.engine.support.hierarchical.Node.around(Node.java:137)
	at org.junit.platform.engine.support.hierarchical.NodeTestTask.lambda$executeRecursively$9(NodeTestTask.java:139)
	at org.junit.platform.engine.support.hierarchical.ThrowableCollector.execute(ThrowableCollector.java:73)
	at org.junit.platform.engine.support.hierarchical.NodeTestTask.executeRecursively(NodeTestTask.java:138)
	at org.junit.platform.engine.support.hierarchical.NodeTestTask.execute(NodeTestTask.java:95)
	at java.util.ArrayList.forEach(ArrayList.java:1259)
	at org.junit.platform.engine.support.hierarchical.SameThreadHierarchicalTestExecutorService.invokeAll(SameThreadHierarchicalTestExecutorService.java:41)
	at org.junit.platform.engine.support.hierarchical.NodeTestTask.lambda$executeRecursively$6(NodeTestTask.java:155)
	at org.junit.platform.engine.support.hierarchical.ThrowableCollector.execute(ThrowableCollector.java:73)
	at org.junit.platform.engine.support.hierarchical.NodeTestTask.lambda$executeRecursively$8(NodeTestTask.java:141)
	at org.junit.platform.engine.support.hierarchical.Node.around(Node.java:137)
	at org.junit.platform.engine.support.hierarchical.NodeTestTask.lambda$executeRecursively$9(NodeTestTask.java:139)
	at org.junit.platform.engine.support.hierarchical.ThrowableCollector.execute(ThrowableCollector.java:73)
	at org.junit.platform.engine.support.hierarchical.NodeTestTask.executeRecursively(NodeTestTask.java:138)
	at org.junit.platform.engine.support.hierarchical.NodeTestTask.execute(NodeTestTask.java:95)
	at org.junit.platform.engine.support.hierarchical.SameThreadHierarchicalTestExecutorService.submit(SameThreadHierarchicalTestExecutorService.java:35)
	at org.junit.platform.engine.support.hierarchical.HierarchicalTestExecutor.execute(HierarchicalTestExecutor.java:57)
	at org.junit.platform.engine.support.hierarchical.HierarchicalTestEngine.execute(HierarchicalTestEngine.java:54)
	at org.junit.platform.launcher.core.EngineExecutionOrchestrator.execute(EngineExecutionOrchestrator.java:107)
	at org.junit.platform.launcher.core.EngineExecutionOrchestrator.execute(EngineExecutionOrchestrator.java:88)
	at org.junit.platform.launcher.core.EngineExecutionOrchestrator.lambda$execute$0(EngineExecutionOrchestrator.java:54)
	at org.junit.platform.launcher.core.EngineExecutionOrchestrator.withInterceptedStreams(EngineExecutionOrchestrator.java:67)
	at org.junit.platform.launcher.core.EngineExecutionOrchestrator.execute(EngineExecutionOrchestrator.java:52)
	at org.junit.platform.launcher.core.DefaultLauncher.execute(DefaultLauncher.java:114)
	at org.junit.platform.launcher.core.DefaultLauncher.execute(DefaultLauncher.java:86)
	at org.junit.platform.launcher.core.DefaultLauncherSession$DelegatingLauncher.execute(DefaultLauncherSession.java:86)
	at org.junit.platform.launcher.core.SessionPerRequestLauncher.execute(SessionPerRequestLauncher.java:53)
	at org.gradle.api.internal.tasks.testing.junitplatform.JUnitPlatformTestClassProcessor$CollectAllTestClassesExecutor.processAllTestClasses(JUnitPlatformTestClassProcessor.java:99)
	at org.gradle.api.internal.tasks.testing.junitplatform.JUnitPlatformTestClassProcessor$CollectAllTestClassesExecutor.access$000(JUnitPlatformTestClassProcessor.java:79)
	at org.gradle.api.internal.tasks.testing.junitplatform.JUnitPlatformTestClassProcessor.stop(JUnitPlatformTestClassProcessor.java:75)
	at org.gradle.api.internal.tasks.testing.SuiteTestClassProcessor.stop(SuiteTestClassProcessor.java:61)
	at sun.reflect.NativeMethodAccessorImpl.invoke0(Native Method)
	at sun.reflect.NativeMethodAccessorImpl.invoke(NativeMethodAccessorImpl.java:62)
	at sun.reflect.DelegatingMethodAccessorImpl.invoke(DelegatingMethodAccessorImpl.java:43)
	at java.lang.reflect.Method.invoke(Method.java:498)
	at org.gradle.internal.dispatch.ReflectionDispatch.dispatch(ReflectionDispatch.java:36)
	at org.gradle.internal.dispatch.ReflectionDispatch.dispatch(ReflectionDispatch.java:24)
	at org.gradle.internal.dispatch.ContextClassLoaderDispatch.dispatch(ContextClassLoaderDispatch.java:33)
	at org.gradle.internal.dispatch.ProxyDispatchAdapter$DispatchingInvocationHandler.invoke(ProxyDispatchAdapter.java:94)
	at com.sun.proxy.$Proxy2.stop(Unknown Source)
	at org.gradle.api.internal.tasks.testing.worker.TestWorker$3.run(TestWorker.java:193)
	at org.gradle.api.internal.tasks.testing.worker.TestWorker.executeAndMaintainThreadName(TestWorker.java:129)
	at org.gradle.api.internal.tasks.testing.worker.TestWorker.execute(TestWorker.java:100)
	at org.gradle.api.internal.tasks.testing.worker.TestWorker.execute(TestWorker.java:60)
	at org.gradle.process.internal.worker.child.ActionExecutionWorker.execute(ActionExecutionWorker.java:56)
	at org.gradle.process.internal.worker.child.SystemApplicationClassLoaderWorker.call(SystemApplicationClassLoaderWorker.java:133)
	at org.gradle.process.internal.worker.child.SystemApplicationClassLoaderWorker.call(SystemApplicationClassLoaderWorker.java:71)
	at worker.org.gradle.process.internal.worker.GradleWorkerMain.run(GradleWorkerMain.java:69)
	at worker.org.gradle.process.internal.worker.GradleWorkerMain.main(GradleWorkerMain.java:74)
</failure>
  </testcase>
  <system-out><![CDATA[]]></system-out>
  <system-err><![CDATA[[Test worker] INFO com.codeborne.selenide.impl.WebDriverThreadLocalContainer - No webdriver is bound to current thread: 1 - let's create a new webdriver
[Test worker] INFO com.codeborne.selenide.impl.FileHelper - Creating folder: C:\Users\musku\IdeaProjects\DNS_Search\build\downloads\1680872228584_2396_1
[Test worker] INFO io.github.bonigarcia.wdm.WebDriverManager - Using chromedriver 111.0.5563.64 (resolved driver for Chrome 111)
[Test worker] INFO io.github.bonigarcia.wdm.WebDriverManager - Exporting webdriver.chrome.driver as C:\Users\musku\.cache\selenium\chromedriver\win32\111.0.5563.64\chromedriver.exe
[Test worker] INFO com.codeborne.selenide.webdriver.SelenideNettyClientFactory - Changed readTimeout from PT3M to PT1M30S
Starting ChromeDriver 111.0.5563.64 (c710e93d5b63b7095afe8c2c17df34408078439d-refs/branch-heads/5563@{#995}) on port 23131
Only local connections are allowed.
Please see https://chromedriver.chromium.org/security-considerations for suggestions on keeping ChromeDriver safe.
ChromeDriver was started successfully.
[Test worker] INFO com.codeborne.selenide.webdriver.SelenideNettyClientFactory - Changed readTimeout from PT3M to PT1M30S
[Test worker] INFO com.codeborne.selenide.webdriver.SelenideNettyClientFactory - Changed readTimeout from PT3M to PT1M30S
апр 07, 2023 7:57:09 PM org.openqa.selenium.devtools.CdpVersionFinder findNearestMatch
WARNING: Unable to find an exact match for CDP version 111, so returning the closest version found: 110
[Test worker] INFO com.codeborne.selenide.webdriver.WebDriverFactory - BrowserName=chrome Version=111.0.5563.147 Platform=WINDOWS
[Test worker] INFO com.codeborne.selenide.webdriver.WebDriverFactory - Selenide v. 6.12.3
[Test worker] INFO com.codeborne.selenide.webdriver.WebDriverFactory - Selenium WebDriver v. 4.8.1 build revision: 8ebccac989
[Test worker] INFO com.codeborne.selenide.drivercommands.CreateDriverCommand - Created webdriver in thread 1: ChromeDriver -> ChromeDriver: chrome on WINDOWS (8d027a3203e2f7077281cbcc0c593260)
[Test worker] INFO com.codeborne.selenide.drivercommands.DisposablesRegistry - Register WebDriverInstance[config=StaticConfig,webDriver=ChromeDriver: chrome on WINDOWS (8d027a3203e2f7077281cbcc0c593260),proxy=null,downloadsFolder=C:\Users\musku\IdeaProjects\DNS_Search\build\downloads\1680872228584_2396_1] in 1 [size=1]
[Test worker] INFO com.codeborne.selenide.drivercommands.DisposablesRegistry - Add shutdown hook in 1 [size=1]
]]></system-err>
</testsuite>
